[2026-05-17 12:00:11] Git提交成功，提交信息：自动更新博客 2026-05-17 12:00:11
[2026-05-17 12:00:11] 执行git push origin main
To github.com:Lvyizhuo/Lvyizhuo.github.io.git
   5b3f3cb..12b219a  main -> main
[2026-05-17 12:00:14] Git推送到远程仓库成功
[2026-05-17 12:00:14] 自动更新博客流程执行完毕
[2026-05-17 12:00:14] ==============================================自动更新博客流程执行完毕==========================================================================================================================================================

[2026-05-17 18:00:01] =======================================================================开始执行自动更新博客流程=========================================================================================
[2026-05-17 18:00:01] 开始执行自动更新博客流程
[2026-05-17 18:00:01] 当前用户: root
[2026-05-17 18:00:01] 当前PATH: /root/miniconda3/bin:/usr/local/bin:/usr/bin:/bin:/usr/local/sbin:/usr/local/bin:/usr/sbin:/usr/bin:/sbin:/bin:/usr/games:/usr/local/games:/snap/bin
[2026-05-17 18:00:01] 验证关键路径...
[2026-05-17 18:00:01] 路径验证通过
[2026-05-17 18:00:01] 开始激活conda base环境...
[2026-05-17 18:00:02] conda base环境激活成功
[2026-05-17 18:00:02] 当前Python路径：/root/miniconda3/bin/python
[2026-05-17 18:00:02] Python版本：Python 3.13.12
[2026-05-17 18:00:02] 切换到项目目录：/root/Project/i/Lvyizhuo.github.io
[2026-05-17 18:00:02] 执行git pull origin main
From github.com:Lvyizhuo/Lvyizhuo.github.io
 * branch            main       -> FETCH_HEAD
Already up to date.
[2026-05-17 18:00:05] Git拉取成功
[2026-05-17 18:00:05] 开始执行爬虫脚本：/root/Project/i/Lvyizhuo.github.io/scripts/fetch_csdn_articles.py
============================================================
CSDN博客文章同步工具 (本地执行版)
============================================================
📂 已加载现有数据: 118 篇文章

方法1: 尝试使用 API...
🔍 开始使用 API 抓取CSDN博客: Lvyizhuo
📡 正在请求第 1 页 (尝试 1/3)...
✅ 第 1 页找到 40 篇文章
📡 正在请求第 2 页 (尝试 1/3)...
✅ 第 2 页找到 40 篇文章
📡 正在请求第 3 页 (尝试 1/3)...
✅ 第 3 页找到 38 篇文章
✅ 已获取所有文章

✨ 总共抓取到 118 篇文章
💾 文章列表已保存到: _data/csdn_posts.yml

🎉 同步完成！
📊 共获取 118 篇文章
[2026-05-17 18:00:12] 爬虫脚本执行成功
[2026-05-17 18:00:12] 执行git add .
[2026-05-17 18:00:12] Git添加缓存区成功
[2026-05-17 18:00:12] 检查是否有文件更改...
[2026-05-17 18:00:12] 执行git commit -m '自动更新博客 2026-05-17 18:00:12'
[main 763285e] 自动更新博客 2026-05-17 18:00:12
 2 files changed, 93 insertions(+), 93 deletions(-)
[2026-05-17 18:00:12] Git提交成功，提交信息：自动更新博客 2026-05-17 18:00:12
[2026-05-17 18:00:12] 执行git push origin main
To github.com:Lvyizhuo/Lvyizhuo.github.io.git
   12b219a..763285e  main -> main
[2026-05-17 18:00:15] Git推送到远程仓库成功
[2026-05-17 18:00:15] 自动更新博客流程执行完毕
[2026-05-17 18:00:15] ==============================================自动更新博客流程执行完毕==========================================================================================================================================================

[2026-05-18 00:00:01] =======================================================================开始执行自动更新博客流程=========================================================================================
[2026-05-18 00:00:01] 开始执行自动更新博客流程
[2026-05-18 00:00:01] 当前用户: root
[2026-05-18 00:00:01] 当前PATH: /root/miniconda3/bin:/usr/local/bin:/usr/bin:/bin:/usr/local/sbin:/usr/local/bin:/usr/sbin:/usr/bin:/sbin:/bin:/usr/games:/usr/local/games:/snap/bin
[2026-05-18 00:00:01] 验证关键路径...
[2026-05-18 00:00:01] 路径验证通过
[2026-05-18 00:00:01] 开始激活conda base环境...
[2026-05-18 00:00:01] conda base环境激活成功
[2026-05-18 00:00:01] 当前Python路径：/root/miniconda3/bin/python
[2026-05-18 00:00:01] Python版本：Python 3.13.12
[2026-05-18 00:00:01] 切换到项目目录：/root/Project/i/Lvyizhuo.github.io
[2026-05-18 00:00:01] 执行git pull origin main
From github.com:Lvyizhuo/Lvyizhuo.github.io
 * branch            main       -> FETCH_HEAD
Already up to date.
[2026-05-18 00:00:05] Git拉取成功
[2026-05-18 00:00:05] 开始执行爬虫脚本：/root/Project/i/Lvyizhuo.github.io/scripts/fetch_csdn_articles.py
============================================================
CSDN博客文章同步工具 (本地执行版)
============================================================
📂 已加载现有数据: 118 篇文章

方法1: 尝试使用 API...
🔍 开始使用 API 抓取CSDN博客: Lvyizhuo
📡 正在请求第 1 页 (尝试 1/3)...
✅ 第 1 页找到 40 篇文章
📡 正在请求第 2 页 (尝试 1/3)...
✅ 第 2 页找到 40 篇文章
📡 正在请求第 3 页 (尝试 1/3)...
✅ 第 3 页找到 38 篇文章
✅ 已获取所有文章

✨ 总共抓取到 118 篇文章
💾 文章列表已保存到: _data/csdn_posts.yml

🎉 同步完成！
📊 共获取 118 篇文章
[2026-05-18 00:00:12] 爬虫脚本执行成功
[2026-05-18 00:00:12] 执行git add .
[2026-05-18 00:00:13] Git添加缓存区成功
[2026-05-18 00:00:13] 检查是否有文件更改...
[2026-05-18 00:00:13] 执行git commit -m '自动更新博客 2026-05-18 00:00:13'
[main 43a09bf] 自动更新博客 2026-05-18 00:00:13
 2 files changed, 90 insertions(+), 90 deletions(-)
[2026-05-18 00:00:13] Git提交成功，提交信息：自动更新博客 2026-05-18 00:00:13
[2026-05-18 00:00:13] 执行git push origin main
To github.com:Lvyizhuo/Lvyizhuo.github.io.git
   763285e..43a09bf  main -> main
[2026-05-18 00:00:16] Git推送到远程仓库成功
[2026-05-18 00:00:16] 自动更新博客流程执行完毕
[2026-05-18 00:00:16] ==============================================自动更新博客流程执行完毕==========================================================================================================================================================

[2026-05-18 06:00:01] =======================================================================开始执行自动更新博客流程=========================================================================================
[2026-05-18 06:00:01] 开始执行自动更新博客流程
[2026-05-18 06:00:01] 当前用户: root
[2026-05-18 06:00:01] 当前PATH: /root/miniconda3/bin:/usr/local/bin:/usr/bin:/bin:/usr/local/sbin:/usr/local/bin:/usr/sbin:/usr/bin:/sbin:/bin:/usr/games:/usr/local/games:/snap/bin
[2026-05-18 06:00:01] 验证关键路径...
[2026-05-18 06:00:01] 路径验证通过
[2026-05-18 06:00:01] 开始激活conda base环境...
[2026-05-18 06:00:01] conda base环境激活成功
[2026-05-18 06:00:01] 当前Python路径：/root/miniconda3/bin/python
[2026-05-18 06:00:01] Python版本：Python 3.13.12
[2026-05-18 06:00:01] 切换到项目目录：/root/Project/i/Lvyizhuo.github.io
[2026-05-18 06:00:01] 执行git pull origin main
From github.com:Lvyizhuo/Lvyizhuo.github.io
 * branch            main       -> FETCH_HEAD
Already up to date.
[2026-05-18 06:00:04] Git拉取成功
[2026-05-18 06:00:04] 开始执行爬虫脚本：/root/Project/i/Lvyizhuo.github.io/scripts/fetch_csdn_articles.py
============================================================
CSDN博客文章同步工具 (本地执行版)
============================================================
📂 已加载现有数据: 118 篇文章

方法1: 尝试使用 API...
🔍 开始使用 API 抓取CSDN博客: Lvyizhuo
📡 正在请求第 1 页 (尝试 1/3)...
✅ 第 1 页找到 40 篇文章
📡 正在请求第 2 页 (尝试 1/3)...
✅ 第 2 页找到 40 篇文章
📡 正在请求第 3 页 (尝试 1/3)...
✅ 第 3 页找到 38 篇文章
✅ 已获取所有文章

✨ 总共抓取到 118 篇文章
💾 文章列表已保存到: _data/csdn_posts.yml

🎉 同步完成！
📊 共获取 118 篇文章
[2026-05-18 06:00:11] 爬虫脚本执行成功
[2026-05-18 06:00:11] 执行git add .
[2026-05-18 06:00:11] Git添加缓存区成功
[2026-05-18 06:00:11] 检查是否有文件更改...
[2026-05-18 06:00:11] 执行git commit -m '自动更新博客 2026-05-18 06:00:11'
[main 5b3cb4f] 自动更新博客 2026-05-18 06:00:11
 2 files changed, 87 insertions(+), 87 deletions(-)
[2026-05-18 06:00:11] Git提交成功，提交信息：自动更新博客 2026-05-18 06:00:11
[2026-05-18 06:00:11] 执行git push origin main
To github.com:Lvyizhuo/Lvyizhuo.github.io.git
   43a09bf..5b3cb4f  main -> main
[2026-05-18 06:00:15] Git推送到远程仓库成功
[2026-05-18 06:00:15] 自动更新博客流程执行完毕
[2026-05-18 06:00:15] ==============================================自动更新博客流程执行完毕==========================================================================================================================================================

[2026-05-18 12:00:01] =======================================================================开始执行自动更新博客流程=========================================================================================
[2026-05-18 12:00:01] 开始执行自动更新博客流程
[2026-05-18 12:00:01] 当前用户: root
[2026-05-18 12:00:01] 当前PATH: /root/miniconda3/bin:/usr/local/bin:/usr/bin:/bin:/usr/local/sbin:/usr/local/bin:/usr/sbin:/usr/bin:/sbin:/bin:/usr/games:/usr/local/games:/snap/bin
[2026-05-18 12:00:01] 验证关键路径...
[2026-05-18 12:00:01] 路径验证通过
[2026-05-18 12:00:01] 开始激活conda base环境...
[2026-05-18 12:00:02] conda base环境激活成功
[2026-05-18 12:00:02] 当前Python路径：/root/miniconda3/bin/python
[2026-05-18 12:00:02] Python版本：Python 3.13.12
[2026-05-18 12:00:02] 切换到项目目录：/root/Project/i/Lvyizhuo.github.io
[2026-05-18 12:00:02] 执行git pull origin main
From github.com:Lvyizhuo/Lvyizhuo.github.io
 * branch            main       -> FETCH_HEAD
Already up to date.
[2026-05-18 12:00:05] Git拉取成功
[2026-05-18 12:00:05] 开始执行爬虫脚本：/root/Project/i/Lvyizhuo.github.io/scripts/fetch_csdn_articles.py
============================================================
CSDN博客文章同步工具 (本地执行版)
============================================================
📂 已加载现有数据: 118 篇文章

方法1: 尝试使用 API...
🔍 开始使用 API 抓取CSDN博客: Lvyizhuo
📡 正在请求第 1 页 (尝试 1/3)...
✅ 第 1 页找到 40 篇文章
📡 正在请求第 2 页 (尝试 1/3)...
✅ 第 2 页找到 40 篇文章
📡 正在请求第 3 页 (尝试 1/3)...
✅ 第 3 页找到 40 篇文章
📡 正在请求第 4 页 (尝试 1/3)...
✅ 第 4 页无更多文章，已获取全部
✅ 已获取所有文章

✨ 总共抓取到 120 篇文章
💾 文章列表已保存到: _data/csdn_posts.yml

🎉 同步完成！
📊 共获取 120 篇文章
[2026-05-18 12:00:28] 爬虫脚本执行成功
[2026-05-18 12:00:28] 执行git add .
[2026-05-18 12:00:28] Git添加缓存区成功
[2026-05-18 12:00:28] 检查是否有文件更改...
[2026-05-18 12:00:28] 执行git commit -m '自动更新博客 2026-05-18 12:00:28'
[main 7bbce71] 自动更新博客 2026-05-18 12:00:28
 2 files changed, 111 insertions(+), 97 deletions(-)
[2026-05-18 12:00:28] Git提交成功，提交信息：自动更新博客 2026-05-18 12:00:28
[2026-05-18 12:00:28] 执行git push origin main
To github.com:Lvyizhuo/Lvyizhuo.github.io.git
   5b3cb4f..7bbce71  main -> main
[2026-05-18 12:00:31] Git推送到远程仓库成功
[2026-05-18 12:00:31] 自动更新博客流程执行完毕
[2026-05-18 12:00:31] ==============================================自动更新博客流程执行完毕==========================================================================================================================================================

[2026-05-18 18:00:01] =======================================================================开始执行自动更新博客流程=========================================================================================
[2026-05-18 18:00:01] 开始执行自动更新博客流程
[2026-05-18 18:00:01] 当前用户: root
[2026-05-18 18:00:01] 当前PATH: /root/miniconda3/bin:/usr/local/bin:/usr/bin:/bin:/usr/local/sbin:/usr/local/bin:/usr/sbin:/usr/bin:/sbin:/bin:/usr/games:/usr/local/games:/snap/bin
[2026-05-18 18:00:01] 验证关键路径...
[2026-05-18 18:00:01] 路径验证通过
[2026-05-18 18:00:01] 开始激活conda base环境...
[2026-05-18 18:00:02] conda base环境激活成功
[2026-05-18 18:00:02] 当前Python路径：/root/miniconda3/bin/python
[2026-05-18 18:00:02] Python版本：Python 3.13.12
[2026-05-18 18:00:02] 切换到项目目录：/root/Project/i/Lvyizhuo.github.io
[2026-05-18 18:00:02] 执行git pull origin main
From github.com:Lvyizhuo/Lvyizhuo.github.io
 * branch            main       -> FETCH_HEAD
Already up to date.
[2026-05-18 18:00:05] Git拉取成功
[2026-05-18 18:00:05] 开始执行爬虫脚本：/root/Project/i/Lvyizhuo.github.io/scripts/fetch_csdn_articles.py
============================================================
CSDN博客文章同步工具 (本地执行版)
============================================================
📂 已加载现有数据: 120 篇文章

方法1: 尝试使用 API...
🔍 开始使用 API 抓取CSDN博客: Lvyizhuo
📡 正在请求第 1 页 (尝试 1/3)...
✅ 第 1 页找到 40 篇文章
📡 正在请求第 2 页 (尝试 1/3)...
✅ 第 2 页找到 40 篇文章
📡 正在请求第 3 页 (尝试 1/3)...
✅ 第 3 页找到 40 篇文章
📡 正在请求第 4 页 (尝试 1/3)...
✅ 第 4 页无更多文章，已获取全部
✅ 已获取所有文章

✨ 总共抓取到 120 篇文章
💾 文章列表已保存到: _data/csdn_posts.yml

🎉 同步完成！
📊 共获取 120 篇文章
[2026-05-18 18:00:13] 爬虫脚本执行成功
[2026-05-18 18:00:13] 执行git add .
[2026-05-18 18:00:13] Git添加缓存区成功
[2026-05-18 18:00:13] 检查是否有文件更改...
[2026-05-18 18:00:13] 执行git commit -m '自动更新博客 2026-05-18 18:00:13'
[main cae0ef2] 自动更新博客 2026-05-18 18:00:13
 2 files changed, 106 insertions(+), 106 deletions(-)
[2026-05-18 18:00:13] Git提交成功，提交信息：自动更新博客 2026-05-18 18:00:13
[2026-05-18 18:00:13] 执行git push origin main
To github.com:Lvyizhuo/Lvyizhuo.github.io.git
   7bbce71..cae0ef2  main -> main
[2026-05-18 18:00:16] Git推送到远程仓库成功
[2026-05-18 18:00:16] 自动更新博客流程执行完毕
[2026-05-18 18:00:16] ==============================================自动更新博客流程执行完毕==========================================================================================================================================================

[2026-05-19 00:00:01] =======================================================================开始执行自动更新博客流程=========================================================================================
[2026-05-19 00:00:01] 开始执行自动更新博客流程
[2026-05-19 00:00:01] 当前用户: root
[2026-05-19 00:00:01] 当前PATH: /root/miniconda3/bin:/usr/local/bin:/usr/bin:/bin:/usr/local/sbin:/usr/local/bin:/usr/sbin:/usr/bin:/sbin:/bin:/usr/games:/usr/local/games:/snap/bin
[2026-05-19 00:00:01] 验证关键路径...
[2026-05-19 00:00:01] 路径验证通过
[2026-05-19 00:00:01] 开始激活conda base环境...
[2026-05-19 00:00:02] conda base环境激活成功
[2026-05-19 00:00:02] 当前Python路径：/root/miniconda3/bin/python
[2026-05-19 00:00:02] Python版本：Python 3.13.12
[2026-05-19 00:00:02] 切换到项目目录：/root/Project/i/Lvyizhuo.github.io
[2026-05-19 00:00:02] 执行git pull origin main
From github.com:Lvyizhuo/Lvyizhuo.github.io
 * branch            main       -> FETCH_HEAD
Already up to date.
[2026-05-19 00:00:05] Git拉取成功
[2026-05-19 00:00:05] 开始执行爬虫脚本：/root/Project/i/Lvyizhuo.github.io/scripts/fetch_csdn_articles.py
============================================================
CSDN博客文章同步工具 (本地执行版)
============================================================
📂 已加载现有数据: 120 篇文章

方法1: 尝试使用 API...
🔍 开始使用 API 抓取CSDN博客: Lvyizhuo
📡 正在请求第 1 页 (尝试 1/3)...
✅ 第 1 页找到 40 篇文章
📡 正在请求第 2 页 (尝试 1/3)...
✅ 第 2 页找到 40 篇文章
📡 正在请求第 3 页 (尝试 1/3)...
✅ 第 3 页找到 40 篇文章
📡 正在请求第 4 页 (尝试 1/3)...
✅ 第 4 页无更多文章，已获取全部
✅ 已获取所有文章

✨ 总共抓取到 120 篇文章
💾 文章列表已保存到: _data/csdn_posts.yml

🎉 同步完成！
📊 共获取 120 篇文章
[2026-05-19 00:00:14] 爬虫脚本执行成功
[2026-05-19 00:00:14] 执行git add .
[2026-05-19 00:00:14] Git添加缓存区成功
[2026-05-19 00:00:14] 检查是否有文件更改...
[2026-05-19 00:00:14] 执行git commit -m '自动更新博客 2026-05-19 00:00:14'
[main 15f55eb] 自动更新博客 2026-05-19 00:00:14
 2 files changed, 111 insertions(+), 111 deletions(-)
[2026-05-19 00:00:14] Git提交成功，提交信息：自动更新博客 2026-05-19 00:00:14
[2026-05-19 00:00:14] 执行git push origin main
To github.com:Lvyizhuo/Lvyizhuo.github.io.git
   cae0ef2..15f55eb  main -> main
[2026-05-19 00:00:17] Git推送到远程仓库成功
[2026-05-19 00:00:17] 自动更新博客流程执行完毕
[2026-05-19 00:00:17] ==============================================自动更新博客流程执行完毕==========================================================================================================================================================

[2026-05-19 06:00:01] =======================================================================开始执行自动更新博客流程=========================================================================================
[2026-05-19 06:00:01] 开始执行自动更新博客流程
[2026-05-19 06:00:01] 当前用户: root
[2026-05-19 06:00:01] 当前PATH: /root/miniconda3/bin:/usr/local/bin:/usr/bin:/bin:/usr/local/sbin:/usr/local/bin:/usr/sbin:/usr/bin:/sbin:/bin:/usr/games:/usr/local/games:/snap/bin
[2026-05-19 06:00:01] 验证关键路径...
[2026-05-19 06:00:01] 路径验证通过
[2026-05-19 06:00:01] 开始激活conda base环境...
[2026-05-19 06:00:02] conda base环境激活成功
[2026-05-19 06:00:02] 当前Python路径：/root/miniconda3/bin/python
[2026-05-19 06:00:02] Python版本：Python 3.13.12
[2026-05-19 06:00:02] 切换到项目目录：/root/Project/i/Lvyizhuo.github.io
[2026-05-19 06:00:02] 执行git pull origin main
From github.com:Lvyizhuo/Lvyizhuo.github.io
 * branch            main       -> FETCH_HEAD
Already up to date.
[2026-05-19 06:00:05] Git拉取成功
[2026-05-19 06:00:05] 开始执行爬虫脚本：/root/Project/i/Lvyizhuo.github.io/scripts/fetch_csdn_articles.py
============================================================
CSDN博客文章同步工具 (本地执行版)
============================================================
📂 已加载现有数据: 120 篇文章

方法1: 尝试使用 API...
🔍 开始使用 API 抓取CSDN博客: Lvyizhuo
📡 正在请求第 1 页 (尝试 1/3)...
✅ 第 1 页找到 40 篇文章
📡 正在请求第 2 页 (尝试 1/3)...
✅ 第 2 页找到 40 篇文章
📡 正在请求第 3 页 (尝试 1/3)...
✅ 第 3 页找到 40 篇文章
📡 正在请求第 4 页 (尝试 1/3)...
✅ 第 4 页无更多文章，已获取全部
✅ 已获取所有文章

✨ 总共抓取到 120 篇文章
💾 文章列表已保存到: _data/csdn_posts.yml

🎉 同步完成！
📊 共获取 120 篇文章
[2026-05-19 06:00:44] 爬虫脚本执行成功
[2026-05-19 06:00:44] 执行git add .
[2026-05-19 06:00:44] Git添加缓存区成功
[2026-05-19 06:00:44] 检查是否有文件更改...
[2026-05-19 06:00:44] 执行git commit -m '自动更新博客 2026-05-19 06:00:44'
[main cb0b741] 自动更新博客 2026-05-19 06:00:44
 2 files changed, 83 insertions(+), 83 deletions(-)
[2026-05-19 06:00:44] Git提交成功，提交信息：自动更新博客 2026-05-19 06:00:44
[2026-05-19 06:00:44] 执行git push origin main
To github.com:Lvyizhuo/Lvyizhuo.github.io.git
   15f55eb..cb0b741  main -> main
[2026-05-19 06:00:47] Git推送到远程仓库成功
[2026-05-19 06:00:47] 自动更新博客流程执行完毕
[2026-05-19 06:00:47] ==============================================自动更新博客流程执行完毕==========================================================================================================================================================

[2026-05-19 12:00:01] =======================================================================开始执行自动更新博客流程=========================================================================================
[2026-05-19 12:00:01] 开始执行自动更新博客流程
[2026-05-19 12:00:01] 当前用户: root
[2026-05-19 12:00:01] 当前PATH: /root/miniconda3/bin:/usr/local/bin:/usr/bin:/bin:/usr/local/sbin:/usr/local/bin:/usr/sbin:/usr/bin:/sbin:/bin:/usr/games:/usr/local/games:/snap/bin
[2026-05-19 12:00:01] 验证关键路径...
[2026-05-19 12:00:01] 路径验证通过
[2026-05-19 12:00:01] 开始激活conda base环境...
[2026-05-19 12:00:01] conda base环境激活成功
[2026-05-19 12:00:01] 当前Python路径：/root/miniconda3/bin/python
[2026-05-19 12:00:01] Python版本：Python 3.13.12
[2026-05-19 12:00:01] 切换到项目目录：/root/Project/i/Lvyizhuo.github.io
[2026-05-19 12:00:01] 执行git pull origin main
From github.com:Lvyizhuo/Lvyizhuo.github.io
 * branch            main       -> FETCH_HEAD
Already up to date.
[2026-05-19 12:00:05] Git拉取成功
[2026-05-19 12:00:05] 开始执行爬虫脚本：/root/Project/i/Lvyizhuo.github.io/scripts/fetch_csdn_articles.py
============================================================
CSDN博客文章同步工具 (本地执行版)
============================================================
📂 已加载现有数据: 120 篇文章

方法1: 尝试使用 API...
🔍 开始使用 API 抓取CSDN博客: Lvyizhuo
📡 正在请求第 1 页 (尝试 1/3)...
✅ 第 1 页找到 40 篇文章
📡 正在请求第 2 页 (尝试 1/3)...
✅ 第 2 页找到 40 篇文章
📡 正在请求第 3 页 (尝试 1/3)...
✅ 第 3 页找到 40 篇文章
📡 正在请求第 4 页 (尝试 1/3)...
✅ 第 4 页找到 2 篇文章
✅ 已获取所有文章

✨ 总共抓取到 122 篇文章
💾 文章列表已保存到: _data/csdn_posts.yml

🎉 同步完成！
📊 共获取 122 篇文章
[2026-05-19 12:00:14] 爬虫脚本执行成功
[2026-05-19 12:00:14] 执行git add .
[2026-05-19 12:00:14] Git添加缓存区成功
[2026-05-19 12:00:14] 检查是否有文件更改...
[2026-05-19 12:00:14] 执行git commit -m '自动更新博客 2026-05-19 12:00:14'
[main c0209ab] 自动更新博客 2026-05-19 12:00:14
 2 files changed, 108 insertions(+), 96 deletions(-)
[2026-05-19 12:00:14] Git提交成功，提交信息：自动更新博客 2026-05-19 12:00:14
[2026-05-19 12:00:14] 执行git push origin main
To github.com:Lvyizhuo/Lvyizhuo.github.io.git
   cb0b741..c0209ab  main -> main
[2026-05-19 12:00:18] Git推送到远程仓库成功
[2026-05-19 12:00:18] 自动更新博客流程执行完毕
[2026-05-19 12:00:18] ==============================================自动更新博客流程执行完毕==========================================================================================================================================================

[2026-05-19 18:00:01] =======================================================================开始执行自动更新博客流程=========================================================================================
[2026-05-19 18:00:01] 开始执行自动更新博客流程
[2026-05-19 18:00:01] 当前用户: root
[2026-05-19 18:00:01] 当前PATH: /root/miniconda3/bin:/usr/local/bin:/usr/bin:/bin:/usr/local/sbin:/usr/local/bin:/usr/sbin:/usr/bin:/sbin:/bin:/usr/games:/usr/local/games:/snap/bin
[2026-05-19 18:00:01] 验证关键路径...
[2026-05-19 18:00:01] 路径验证通过
[2026-05-19 18:00:01] 开始激活conda base环境...
[2026-05-19 18:00:01] conda base环境激活成功
[2026-05-19 18:00:01] 当前Python路径：/root/miniconda3/bin/python
[2026-05-19 18:00:01] Python版本：Python 3.13.12
[2026-05-19 18:00:01] 切换到项目目录：/root/Project/i/Lvyizhuo.github.io
[2026-05-19 18:00:01] 执行git pull origin main
From github.com:Lvyizhuo/Lvyizhuo.github.io
 * branch            main       -> FETCH_HEAD
Already up to date.
[2026-05-19 18:00:06] Git拉取成功
[2026-05-19 18:00:06] 开始执行爬虫脚本：/root/Project/i/Lvyizhuo.github.io/scripts/fetch_csdn_articles.py
============================================================
CSDN博客文章同步工具 (本地执行版)
============================================================
📂 已加载现有数据: 122 篇文章

方法1: 尝试使用 API...
🔍 开始使用 API 抓取CSDN博客: Lvyizhuo
📡 正在请求第 1 页 (尝试 1/3)...
✅ 第 1 页找到 40 篇文章
📡 正在请求第 2 页 (尝试 1/3)...
✅ 第 2 页找到 40 篇文章
📡 正在请求第 3 页 (尝试 1/3)...
✅ 第 3 页找到 40 篇文章
📡 正在请求第 4 页 (尝试 1/3)...
✅ 第 4 页找到 2 篇文章
✅ 已获取所有文章

✨ 总共抓取到 122 篇文章
💾 文章列表已保存到: _data/csdn_posts.yml

🎉 同步完成！
📊 共获取 122 篇文章
[2026-05-19 18:00:15] 爬虫脚本执行成功
[2026-05-19 18:00:15] 执行git add .
[2026-05-19 18:00:15] Git添加缓存区成功
[2026-05-19 18:00:15] 检查是否有文件更改...
[2026-05-19 18:00:15] 执行git commit -m '自动更新博客 2026-05-19 18:00:15'
[main 7e7b511] 自动更新博客 2026-05-19 18:00:15
 2 files changed, 116 insertions(+), 116 deletions(-)
[2026-05-19 18:00:15] Git提交成功，提交信息：自动更新博客 2026-05-19 18:00:15
[2026-05-19 18:00:15] 执行git push origin main
To github.com:Lvyizhuo/Lvyizhuo.github.io.git
   c0209ab..7e7b511  main -> main
[2026-05-19 18:00:19] Git推送到远程仓库成功
[2026-05-19 18:00:19] 自动更新博客流程执行完毕
[2026-05-19 18:00:19] ==============================================自动更新博客流程执行完毕==========================================================================================================================================================

[2026-05-20 00:00:01] =======================================================================开始执行自动更新博客流程=========================================================================================
[2026-05-20 00:00:01] 开始执行自动更新博客流程
[2026-05-20 00:00:01] 当前用户: root
[2026-05-20 00:00:01] 当前PATH: /root/miniconda3/bin:/usr/local/bin:/usr/bin:/bin:/usr/local/sbin:/usr/local/bin:/usr/sbin:/usr/bin:/sbin:/bin:/usr/games:/usr/local/games:/snap/bin
[2026-05-20 00:00:01] 验证关键路径...
[2026-05-20 00:00:01] 路径验证通过
[2026-05-20 00:00:01] 开始激活conda base环境...
[2026-05-20 00:00:02] conda base环境激活成功
[2026-05-20 00:00:02] 当前Python路径：/root/miniconda3/bin/python
[2026-05-20 00:00:02] Python版本：Python 3.13.12
[2026-05-20 00:00:02] 切换到项目目录：/root/Project/i/Lvyizhuo.github.io
[2026-05-20 00:00:02] 执行git pull origin main
From github.com:Lvyizhuo/Lvyizhuo.github.io
 * branch            main       -> FETCH_HEAD
Already up to date.
[2026-05-20 00:00:05] Git拉取成功
[2026-05-20 00:00:05] 开始执行爬虫脚本：/root/Project/i/Lvyizhuo.github.io/scripts/fetch_csdn_articles.py
============================================================
CSDN博客文章同步工具 (本地执行版)
============================================================
📂 已加载现有数据: 122 篇文章

方法1: 尝试使用 API...
🔍 开始使用 API 抓取CSDN博客: Lvyizhuo
📡 正在请求第 1 页 (尝试 1/3)...
✅ 第 1 页找到 40 篇文章
📡 正在请求第 2 页 (尝试 1/3)...
✅ 第 2 页找到 40 篇文章
📡 正在请求第 3 页 (尝试 1/3)...
✅ 第 3 页找到 40 篇文章
📡 正在请求第 4 页 (尝试 1/3)...
✅ 第 4 页找到 2 篇文章
✅ 已获取所有文章

✨ 总共抓取到 122 篇文章
💾 文章列表已保存到: _data/csdn_posts.yml

🎉 同步完成！
📊 共获取 122 篇文章
[2026-05-20 00:00:31] 爬虫脚本执行成功
[2026-05-20 00:00:31] 执行git add .
[2026-05-20 00:00:31] Git添加缓存区成功
[2026-05-20 00:00:31] 检查是否有文件更改...
[2026-05-20 00:00:31] 执行git commit -m '自动更新博客 2026-05-20 00:00:31'
[main 62199fb] 自动更新博客 2026-05-20 00:00:31
 2 files changed, 101 insertions(+), 101 deletions(-)
[2026-05-20 00:00:31] Git提交成功，提交信息：自动更新博客 2026-05-20 00:00:31
[2026-05-20 00:00:31] 执行git push origin main
To github.com:Lvyizhuo/Lvyizhuo.github.io.git
   7e7b511..62199fb  main -> main
[2026-05-20 00:00:34] Git推送到远程仓库成功
[2026-05-20 00:00:34] 自动更新博客流程执行完毕
[2026-05-20 00:00:34] ==============================================自动更新博客流程执行完毕==========================================================================================================================================================

[2026-05-20 06:00:01] =======================================================================开始执行自动更新博客流程=========================================================================================
[2026-05-20 06:00:01] 开始执行自动更新博客流程
[2026-05-20 06:00:01] 当前用户: root
[2026-05-20 06:00:01] 当前PATH: /root/miniconda3/bin:/usr/local/bin:/usr/bin:/bin:/usr/local/sbin:/usr/local/bin:/usr/sbin:/usr/bin:/sbin:/bin:/usr/games:/usr/local/games:/snap/bin
[2026-05-20 06:00:01] 验证关键路径...
[2026-05-20 06:00:01] 路径验证通过
[2026-05-20 06:00:01] 开始激活conda base环境...
[2026-05-20 06:00:02] conda base环境激活成功
[2026-05-20 06:00:02] 当前Python路径：/root/miniconda3/bin/python
[2026-05-20 06:00:02] Python版本：Python 3.13.12
[2026-05-20 06:00:02] 切换到项目目录：/root/Project/i/Lvyizhuo.github.io
[2026-05-20 06:00:02] 执行git pull origin main
From github.com:Lvyizhuo/Lvyizhuo.github.io
 * branch            main       -> FETCH_HEAD
Already up to date.
[2026-05-20 06:00:05] Git拉取成功
[2026-05-20 06:00:05] 开始执行爬虫脚本：/root/Project/i/Lvyizhuo.github.io/scripts/fetch_csdn_articles.py
============================================================
CSDN博客文章同步工具 (本地执行版)
============================================================
📂 已加载现有数据: 122 篇文章

方法1: 尝试使用 API...
🔍 开始使用 API 抓取CSDN博客: Lvyizhuo
📡 正在请求第 1 页 (尝试 1/3)...
✅ 第 1 页找到 40 篇文章
📡 正在请求第 2 页 (尝试 1/3)...
✅ 第 2 页找到 40 篇文章
📡 正在请求第 3 页 (尝试 1/3)...
✅ 第 3 页找到 40 篇文章
📡 正在请求第 4 页 (尝试 1/3)...
✅ 第 4 页找到 2 篇文章
✅ 已获取所有文章

✨ 总共抓取到 122 篇文章
💾 文章列表已保存到: _data/csdn_posts.yml

🎉 同步完成！
📊 共获取 122 篇文章
[2026-05-20 06:00:13] 爬虫脚本执行成功
[2026-05-20 06:00:13] 执行git add .
[2026-05-20 06:00:13] Git添加缓存区成功
[2026-05-20 06:00:13] 检查是否有文件更改...
[2026-05-20 06:00:13] 执行git commit -m '自动更新博客 2026-05-20 06:00:13'
[main c90ab2d] 自动更新博客 2026-05-20 06:00:13
 2 files changed, 90 insertions(+), 90 deletions(-)
[2026-05-20 06:00:13] Git提交成功，提交信息：自动更新博客 2026-05-20 06:00:13
[2026-05-20 06:00:13] 执行git push origin main
To github.com:Lvyizhuo/Lvyizhuo.github.io.git
   62199fb..c90ab2d  main -> main
[2026-05-20 06:00:16] Git推送到远程仓库成功
[2026-05-20 06:00:16] 自动更新博客流程执行完毕
[2026-05-20 06:00:16] ==============================================自动更新博客流程执行完毕==========================================================================================================================================================

[2026-05-20 12:00:01] =======================================================================开始执行自动更新博客流程=========================================================================================
[2026-05-20 12:00:01] 开始执行自动更新博客流程
[2026-05-20 12:00:01] 当前用户: root
[2026-05-20 12:00:01] 当前PATH: /root/miniconda3/bin:/usr/local/bin:/usr/bin:/bin:/usr/local/sbin:/usr/local/bin:/usr/sbin:/usr/bin:/sbin:/bin:/usr/games:/usr/local/games:/snap/bin
[2026-05-20 12:00:01] 验证关键路径...
[2026-05-20 12:00:01] 路径验证通过
[2026-05-20 12:00:01] 开始激活conda base环境...
[2026-05-20 12:00:01] conda base环境激活成功
[2026-05-20 12:00:01] 当前Python路径：/root/miniconda3/bin/python
[2026-05-20 12:00:01] Python版本：Python 3.13.12
[2026-05-20 12:00:01] 切换到项目目录：/root/Project/i/Lvyizhuo.github.io
[2026-05-20 12:00:01] 执行git pull origin main
From github.com:Lvyizhuo/Lvyizhuo.github.io
 * branch            main       -> FETCH_HEAD
Already up to date.
[2026-05-20 12:00:05] Git拉取成功
[2026-05-20 12:00:05] 开始执行爬虫脚本：/root/Project/i/Lvyizhuo.github.io/scripts/fetch_csdn_articles.py
============================================================
CSDN博客文章同步工具 (本地执行版)
============================================================
📂 已加载现有数据: 122 篇文章

方法1: 尝试使用 API...
🔍 开始使用 API 抓取CSDN博客: Lvyizhuo
📡 正在请求第 1 页 (尝试 1/3)...
✅ 第 1 页找到 40 篇文章
📡 正在请求第 2 页 (尝试 1/3)...
✅ 第 2 页找到 40 篇文章
📡 正在请求第 3 页 (尝试 1/3)...
✅ 第 3 页找到 40 篇文章
📡 正在请求第 4 页 (尝试 1/3)...
✅ 第 4 页找到 2 篇文章
✅ 已获取所有文章

✨ 总共抓取到 122 篇文章
💾 文章列表已保存到: _data/csdn_posts.yml

🎉 同步完成！
📊 共获取 122 篇文章
[2026-05-20 12:00:13] 爬虫脚本执行成功
[2026-05-20 12:00:13] 执行git add .
[2026-05-20 12:00:13] Git添加缓存区成功
[2026-05-20 12:00:13] 检查是否有文件更改...
[2026-05-20 12:00:13] 执行git commit -m '自动更新博客 2026-05-20 12:00:13'
[main 5cd870f] 自动更新博客 2026-05-20 12:00:13
 2 files changed, 94 insertions(+), 94 deletions(-)
[2026-05-20 12:00:13] Git提交成功，提交信息：自动更新博客 2026-05-20 12:00:13
[2026-05-20 12:00:13] 执行git push origin main
To github.com:Lvyizhuo/Lvyizhuo.github.io.git
   c90ab2d..5cd870f  main -> main
[2026-05-20 12:00:16] Git推送到远程仓库成功
[2026-05-20 12:00:16] 自动更新博客流程执行完毕
[2026-05-20 12:00:16] ==============================================自动更新博客流程执行完毕==========================================================================================================================================================

[2026-05-20 18:00:01] =======================================================================开始执行自动更新博客流程=========================================================================================
[2026-05-20 18:00:01] 开始执行自动更新博客流程
[2026-05-20 18:00:01] 当前用户: root
[2026-05-20 18:00:01] 当前PATH: /root/miniconda3/bin:/usr/local/bin:/usr/bin:/bin:/usr/local/sbin:/usr/local/bin:/usr/sbin:/usr/bin:/sbin:/bin:/usr/games:/usr/local/games:/snap/bin
[2026-05-20 18:00:01] 验证关键路径...
[2026-05-20 18:00:01] 路径验证通过
[2026-05-20 18:00:01] 开始激活conda base环境...
[2026-05-20 18:00:01] conda base环境激活成功
[2026-05-20 18:00:01] 当前Python路径：/root/miniconda3/bin/python
[2026-05-20 18:00:01] Python版本：Python 3.13.12
[2026-05-20 18:00:01] 切换到项目目录：/root/Project/i/Lvyizhuo.github.io
[2026-05-20 18:00:01] 执行git pull origin main
From github.com:Lvyizhuo/Lvyizhuo.github.io
 * branch            main       -> FETCH_HEAD
Already up to date.
[2026-05-20 18:00:05] Git拉取成功
[2026-05-20 18:00:05] 开始执行爬虫脚本：/root/Project/i/Lvyizhuo.github.io/scripts/fetch_csdn_articles.py
============================================================
CSDN博客文章同步工具 (本地执行版)
============================================================
📂 已加载现有数据: 122 篇文章

方法1: 尝试使用 API...
🔍 开始使用 API 抓取CSDN博客: Lvyizhuo
📡 正在请求第 1 页 (尝试 1/3)...
✅ 第 1 页找到 40 篇文章
📡 正在请求第 2 页 (尝试 1/3)...
✅ 第 2 页找到 40 篇文章
📡 正在请求第 3 页 (尝试 1/3)...
✅ 第 3 页找到 40 篇文章
📡 正在请求第 4 页 (尝试 1/3)...
✅ 第 4 页找到 4 篇文章
✅ 已获取所有文章

✨ 总共抓取到 124 篇文章
💾 文章列表已保存到: _data/csdn_posts.yml

🎉 同步完成！
📊 共获取 124 篇文章
[2026-05-20 18:00:15] 爬虫脚本执行成功
[2026-05-20 18:00:15] 执行git add .
[2026-05-20 18:00:15] Git添加缓存区成功
[2026-05-20 18:00:15] 检查是否有文件更改...
[2026-05-20 18:00:15] 执行git commit -m '自动更新博客 2026-05-20 18:00:15'
[main a171244] 自动更新博客 2026-05-20 18:00:15
 2 files changed, 110 insertions(+), 100 deletions(-)
[2026-05-20 18:00:15] Git提交成功，提交信息：自动更新博客 2026-05-20 18:00:15
[2026-05-20 18:00:15] 执行git push origin main
To github.com:Lvyizhuo/Lvyizhuo.github.io.git
   5cd870f..a171244  main -> main
[2026-05-20 18:00:19] Git推送到远程仓库成功
[2026-05-20 18:00:19] 自动更新博客流程执行完毕
[2026-05-20 18:00:19] ==============================================自动更新博客流程执行完毕==========================================================================================================================================================

[2026-05-21 00:00:01] =======================================================================开始执行自动更新博客流程=========================================================================================
[2026-05-21 00:00:01] 开始执行自动更新博客流程
[2026-05-21 00:00:01] 当前用户: root
[2026-05-21 00:00:01] 当前PATH: /root/miniconda3/bin:/usr/local/bin:/usr/bin:/bin:/usr/local/sbin:/usr/local/bin:/usr/sbin:/usr/bin:/sbin:/bin:/usr/games:/usr/local/games:/snap/bin
[2026-05-21 00:00:01] 验证关键路径...
[2026-05-21 00:00:01] 路径验证通过
[2026-05-21 00:00:01] 开始激活conda base环境...
[2026-05-21 00:00:01] conda base环境激活成功
[2026-05-21 00:00:01] 当前Python路径：/root/miniconda3/bin/python
[2026-05-21 00:00:01] Python版本：Python 3.13.12
[2026-05-21 00:00:01] 切换到项目目录：/root/Project/i/Lvyizhuo.github.io
[2026-05-21 00:00:01] 执行git pull origin main
From github.com:Lvyizhuo/Lvyizhuo.github.io
 * branch            main       -> FETCH_HEAD
Already up to date.
[2026-05-21 00:00:05] Git拉取成功
[2026-05-21 00:00:05] 开始执行爬虫脚本：/root/Project/i/Lvyizhuo.github.io/scripts/fetch_csdn_articles.py
============================================================
CSDN博客文章同步工具 (本地执行版)
============================================================
📂 已加载现有数据: 124 篇文章

方法1: 尝试使用 API...
🔍 开始使用 API 抓取CSDN博客: Lvyizhuo
📡 正在请求第 1 页 (尝试 1/3)...
✅ 第 1 页找到 40 篇文章
📡 正在请求第 2 页 (尝试 1/3)...
✅ 第 2 页找到 40 篇文章
📡 正在请求第 3 页 (尝试 1/3)...
✅ 第 3 页找到 40 篇文章
📡 正在请求第 4 页 (尝试 1/3)...
✅ 第 4 页找到 4 篇文章
✅ 已获取所有文章

✨ 总共抓取到 124 篇文章
💾 文章列表已保存到: _data/csdn_posts.yml

🎉 同步完成！
📊 共获取 124 篇文章
[2026-05-21 00:00:16] 爬虫脚本执行成功
[2026-05-21 00:00:16] 执行git add .
[2026-05-21 00:00:16] Git添加缓存区成功
[2026-05-21 00:00:16] 检查是否有文件更改...
[2026-05-21 00:00:16] 执行git commit -m '自动更新博客 2026-05-21 00:00:16'
[main 6d96a09] 自动更新博客 2026-05-21 00:00:16
 2 files changed, 98 insertions(+), 98 deletions(-)
[2026-05-21 00:00:16] Git提交成功，提交信息：自动更新博客 2026-05-21 00:00:16
[2026-05-21 00:00:16] 执行git push origin main
To github.com:Lvyizhuo/Lvyizhuo.github.io.git
   a171244..6d96a09  main -> main
[2026-05-21 00:00:19] Git推送到远程仓库成功
[2026-05-21 00:00:19] 自动更新博客流程执行完毕
[2026-05-21 00:00:19] ==============================================自动更新博客流程执行完毕==========================================================================================================================================================

[2026-05-21 06:00:01] =======================================================================开始执行自动更新博客流程=========================================================================================
[2026-05-21 06:00:01] 开始执行自动更新博客流程
[2026-05-21 06:00:01] 当前用户: root
[2026-05-21 06:00:01] 当前PATH: /root/miniconda3/bin:/usr/local/bin:/usr/bin:/bin:/usr/local/sbin:/usr/local/bin:/usr/sbin:/usr/bin:/sbin:/bin:/usr/games:/usr/local/games:/snap/bin
[2026-05-21 06:00:01] 验证关键路径...
[2026-05-21 06:00:01] 路径验证通过
[2026-05-21 06:00:01] 开始激活conda base环境...
[2026-05-21 06:00:02] conda base环境激活成功
[2026-05-21 06:00:02] 当前Python路径：/root/miniconda3/bin/python
[2026-05-21 06:00:02] Python版本：Python 3.13.12
[2026-05-21 06:00:02] 切换到项目目录：/root/Project/i/Lvyizhuo.github.io
[2026-05-21 06:00:02] 执行git pull origin main
From github.com:Lvyizhuo/Lvyizhuo.github.io
 * branch            main       -> FETCH_HEAD
Already up to date.
[2026-05-21 06:00:05] Git拉取成功
[2026-05-21 06:00:05] 开始执行爬虫脚本：/root/Project/i/Lvyizhuo.github.io/scripts/fetch_csdn_articles.py
============================================================
CSDN博客文章同步工具 (本地执行版)
============================================================
📂 已加载现有数据: 124 篇文章

方法1: 尝试使用 API...
🔍 开始使用 API 抓取CSDN博客: Lvyizhuo
📡 正在请求第 1 页 (尝试 1/3)...
✅ 第 1 页找到 40 篇文章
📡 正在请求第 2 页 (尝试 1/3)...
✅ 第 2 页找到 40 篇文章
📡 正在请求第 3 页 (尝试 1/3)...
✅ 第 3 页找到 40 篇文章
📡 正在请求第 4 页 (尝试 1/3)...
✅ 第 4 页找到 4 篇文章
✅ 已获取所有文章

✨ 总共抓取到 124 篇文章
💾 文章列表已保存到: _data/csdn_posts.yml

🎉 同步完成！
📊 共获取 124 篇文章
[2026-05-21 06:00:45] 爬虫脚本执行成功
[2026-05-21 06:00:45] 执行git add .
[2026-05-21 06:00:45] Git添加缓存区成功
[2026-05-21 06:00:45] 检查是否有文件更改...
[2026-05-21 06:00:45] 执行git commit -m '自动更新博客 2026-05-21 06:00:45'
[main 12c619f] 自动更新博客 2026-05-21 06:00:45
 2 files changed, 88 insertions(+), 88 deletions(-)
[2026-05-21 06:00:45] Git提交成功，提交信息：自动更新博客 2026-05-21 06:00:45
[2026-05-21 06:00:45] 执行git push origin main
To github.com:Lvyizhuo/Lvyizhuo.github.io.git
   6d96a09..12c619f  main -> main
[2026-05-21 06:00:48] Git推送到远程仓库成功
[2026-05-21 06:00:48] 自动更新博客流程执行完毕
[2026-05-21 06:00:48] ==============================================自动更新博客流程执行完毕==========================================================================================================================================================

[2026-05-21 12:00:01] =======================================================================开始执行自动更新博客流程=========================================================================================
[2026-05-21 12:00:01] 开始执行自动更新博客流程
[2026-05-21 12:00:01] 当前用户: root
[2026-05-21 12:00:01] 当前PATH: /root/miniconda3/bin:/usr/local/bin:/usr/bin:/bin:/usr/local/sbin:/usr/local/bin:/usr/sbin:/usr/bin:/sbin:/bin:/usr/games:/usr/local/games:/snap/bin
[2026-05-21 12:00:01] 验证关键路径...
[2026-05-21 12:00:01] 路径验证通过
[2026-05-21 12:00:01] 开始激活conda base环境...
[2026-05-21 12:00:02] conda base环境激活成功
[2026-05-21 12:00:02] 当前Python路径：/root/miniconda3/bin/python
[2026-05-21 12:00:02] Python版本：Python 3.13.12
[2026-05-21 12:00:02] 切换到项目目录：/root/Project/i/Lvyizhuo.github.io
[2026-05-21 12:00:02] 执行git pull origin main
From github.com:Lvyizhuo/Lvyizhuo.github.io
 * branch            main       -> FETCH_HEAD
Already up to date.
[2026-05-21 12:00:06] Git拉取成功
[2026-05-21 12:00:06] 开始执行爬虫脚本：/root/Project/i/Lvyizhuo.github.io/scripts/fetch_csdn_articles.py
============================================================
CSDN博客文章同步工具 (本地执行版)
============================================================
📂 已加载现有数据: 124 篇文章

方法1: 尝试使用 API...
🔍 开始使用 API 抓取CSDN博客: Lvyizhuo
📡 正在请求第 1 页 (尝试 1/3)...
✅ 第 1 页找到 40 篇文章
📡 正在请求第 2 页 (尝试 1/3)...
✅ 第 2 页找到 40 篇文章
📡 正在请求第 3 页 (尝试 1/3)...
✅ 第 3 页找到 40 篇文章
📡 正在请求第 4 页 (尝试 1/3)...
✅ 第 4 页找到 4 篇文章
✅ 已获取所有文章

✨ 总共抓取到 124 篇文章
💾 文章列表已保存到: _data/csdn_posts.yml

🎉 同步完成！
📊 共获取 124 篇文章
[2026-05-21 12:00:15] 爬虫脚本执行成功
[2026-05-21 12:00:15] 执行git add .
[2026-05-21 12:00:15] Git添加缓存区成功
[2026-05-21 12:00:15] 检查是否有文件更改...
[2026-05-21 12:00:15] 执行git commit -m '自动更新博客 2026-05-21 12:00:15'
[main a3d66fa] 自动更新博客 2026-05-21 12:00:15
 2 files changed, 99 insertions(+), 99 deletions(-)
[2026-05-21 12:00:15] Git提交成功，提交信息：自动更新博客 2026-05-21 12:00:15
[2026-05-21 12:00:15] 执行git push origin main
To github.com:Lvyizhuo/Lvyizhuo.github.io.git
   12c619f..a3d66fa  main -> main
[2026-05-21 12:00:18] Git推送到远程仓库成功
[2026-05-21 12:00:18] 自动更新博客流程执行完毕
[2026-05-21 12:00:18] ==============================================自动更新博客流程执行完毕==========================================================================================================================================================

[2026-05-21 18:00:01] =======================================================================开始执行自动更新博客流程=========================================================================================
[2026-05-21 18:00:01] 开始执行自动更新博客流程
[2026-05-21 18:00:01] 当前用户: root
[2026-05-21 18:00:01] 当前PATH: /root/miniconda3/bin:/usr/local/bin:/usr/bin:/bin:/usr/local/sbin:/usr/local/bin:/usr/sbin:/usr/bin:/sbin:/bin:/usr/games:/usr/local/games:/snap/bin
[2026-05-21 18:00:01] 验证关键路径...
[2026-05-21 18:00:01] 路径验证通过
[2026-05-21 18:00:01] 开始激活conda base环境...
[2026-05-21 18:00:02] conda base环境激活成功
[2026-05-21 18:00:02] 当前Python路径：/root/miniconda3/bin/python
[2026-05-21 18:00:02] Python版本：Python 3.13.12
[2026-05-21 18:00:02] 切换到项目目录：/root/Project/i/Lvyizhuo.github.io
[2026-05-21 18:00:02] 执行git pull origin main
From github.com:Lvyizhuo/Lvyizhuo.github.io
 * branch            main       -> FETCH_HEAD
Already up to date.
[2026-05-21 18:00:06] Git拉取成功
[2026-05-21 18:00:06] 开始执行爬虫脚本：/root/Project/i/Lvyizhuo.github.io/scripts/fetch_csdn_articles.py
============================================================
CSDN博客文章同步工具 (本地执行版)
============================================================
📂 已加载现有数据: 124 篇文章

方法1: 尝试使用 API...
🔍 开始使用 API 抓取CSDN博客: Lvyizhuo
📡 正在请求第 1 页 (尝试 1/3)...
✅ 第 1 页找到 40 篇文章
📡 正在请求第 2 页 (尝试 1/3)...
✅ 第 2 页找到 40 篇文章
📡 正在请求第 3 页 (尝试 1/3)...
✅ 第 3 页找到 40 篇文章
📡 正在请求第 4 页 (尝试 1/3)...
✅ 第 4 页找到 4 篇文章
✅ 已获取所有文章

✨ 总共抓取到 124 篇文章
💾 文章列表已保存到: _data/csdn_posts.yml

🎉 同步完成！
📊 共获取 124 篇文章
[2026-05-21 18:00:45] 爬虫脚本执行成功
[2026-05-21 18:00:45] 执行git add .
[2026-05-21 18:00:45] Git添加缓存区成功
[2026-05-21 18:00:45] 检查是否有文件更改...
[2026-05-21 18:00:45] 执行git commit -m '自动更新博客 2026-05-21 18:00:45'
[main ffd874a] 自动更新博客 2026-05-21 18:00:45
 2 files changed, 105 insertions(+), 105 deletions(-)
[2026-05-21 18:00:45] Git提交成功，提交信息：自动更新博客 2026-05-21 18:00:45
[2026-05-21 18:00:45] 执行git push origin main
To github.com:Lvyizhuo/Lvyizhuo.github.io.git
   a3d66fa..ffd874a  main -> main
[2026-05-21 18:00:49] Git推送到远程仓库成功
[2026-05-21 18:00:49] 自动更新博客流程执行完毕
[2026-05-21 18:00:49] ==============================================自动更新博客流程执行完毕==========================================================================================================================================================

[2026-05-22 00:00:01] =======================================================================开始执行自动更新博客流程=========================================================================================
[2026-05-22 00:00:01] 开始执行自动更新博客流程
[2026-05-22 00:00:01] 当前用户: root
[2026-05-22 00:00:01] 当前PATH: /root/miniconda3/bin:/usr/local/bin:/usr/bin:/bin:/usr/local/sbin:/usr/local/bin:/usr/sbin:/usr/bin:/sbin:/bin:/usr/games:/usr/local/games:/snap/bin
[2026-05-22 00:00:01] 验证关键路径...
[2026-05-22 00:00:01] 路径验证通过
[2026-05-22 00:00:01] 开始激活conda base环境...
[2026-05-22 00:00:01] conda base环境激活成功
[2026-05-22 00:00:01] 当前Python路径：/root/miniconda3/bin/python
[2026-05-22 00:00:01] Python版本：Python 3.13.12
[2026-05-22 00:00:01] 切换到项目目录：/root/Project/i/Lvyizhuo.github.io
[2026-05-22 00:00:01] 执行git pull origin main
From github.com:Lvyizhuo/Lvyizhuo.github.io
 * branch            main       -> FETCH_HEAD
Already up to date.
[2026-05-22 00:00:04] Git拉取成功
[2026-05-22 00:00:04] 开始执行爬虫脚本：/root/Project/i/Lvyizhuo.github.io/scripts/fetch_csdn_articles.py
============================================================
CSDN博客文章同步工具 (本地执行版)
============================================================
📂 已加载现有数据: 124 篇文章

方法1: 尝试使用 API...
🔍 开始使用 API 抓取CSDN博客: Lvyizhuo
📡 正在请求第 1 页 (尝试 1/3)...
✅ 第 1 页找到 40 篇文章
📡 正在请求第 2 页 (尝试 1/3)...
✅ 第 2 页找到 40 篇文章
📡 正在请求第 3 页 (尝试 1/3)...
✅ 第 3 页找到 40 篇文章
📡 正在请求第 4 页 (尝试 1/3)...
✅ 第 4 页找到 4 篇文章
✅ 已获取所有文章

✨ 总共抓取到 124 篇文章
💾 文章列表已保存到: _data/csdn_posts.yml

🎉 同步完成！
📊 共获取 124 篇文章
[2026-05-22 00:00:13] 爬虫脚本执行成功
[2026-05-22 00:00:13] 执行git add .
[2026-05-22 00:00:13] Git添加缓存区成功
[2026-05-22 00:00:13] 检查是否有文件更改...
[2026-05-22 00:00:13] 执行git commit -m '自动更新博客 2026-05-22 00:00:13'
[main 81c8e0d] 自动更新博客 2026-05-22 00:00:13
 2 files changed, 102 insertions(+), 102 deletions(-)
[2026-05-22 00:00:13] Git提交成功，提交信息：自动更新博客 2026-05-22 00:00:13
[2026-05-22 00:00:13] 执行git push origin main
To github.com:Lvyizhuo/Lvyizhuo.github.io.git
   ffd874a..81c8e0d  main -> main
[2026-05-22 00:00:16] Git推送到远程仓库成功
[2026-05-22 00:00:16] 自动更新博客流程执行完毕
[2026-05-22 00:00:16] ==============================================自动更新博客流程执行完毕==========================================================================================================================================================

[2026-05-22 06:00:01] =======================================================================开始执行自动更新博客流程=========================================================================================
[2026-05-22 06:00:01] 开始执行自动更新博客流程
[2026-05-22 06:00:01] 当前用户: root
[2026-05-22 06:00:01] 当前PATH: /root/miniconda3/bin:/usr/local/bin:/usr/bin:/bin:/usr/local/sbin:/usr/local/bin:/usr/sbin:/usr/bin:/sbin:/bin:/usr/games:/usr/local/games:/snap/bin
[2026-05-22 06:00:01] 验证关键路径...
[2026-05-22 06:00:01] 路径验证通过
[2026-05-22 06:00:01] 开始激活conda base环境...
[2026-05-22 06:00:01] conda base环境激活成功
[2026-05-22 06:00:01] 当前Python路径：/root/miniconda3/bin/python
[2026-05-22 06:00:01] Python版本：Python 3.13.12
[2026-05-22 06:00:01] 切换到项目目录：/root/Project/i/Lvyizhuo.github.io
[2026-05-22 06:00:01] 执行git pull origin main
From github.com:Lvyizhuo/Lvyizhuo.github.io
 * branch            main       -> FETCH_HEAD
Already up to date.
[2026-05-22 06:00:04] Git拉取成功
[2026-05-22 06:00:04] 开始执行爬虫脚本：/root/Project/i/Lvyizhuo.github.io/scripts/fetch_csdn_articles.py
============================================================
CSDN博客文章同步工具 (本地执行版)
============================================================
📂 已加载现有数据: 124 篇文章

方法1: 尝试使用 API...
🔍 开始使用 API 抓取CSDN博客: Lvyizhuo
📡 正在请求第 1 页 (尝试 1/3)...
✅ 第 1 页找到 40 篇文章
📡 正在请求第 2 页 (尝试 1/3)...
✅ 第 2 页找到 40 篇文章
📡 正在请求第 3 页 (尝试 1/3)...
✅ 第 3 页找到 40 篇文章
📡 正在请求第 4 页 (尝试 1/3)...
✅ 第 4 页找到 4 篇文章
✅ 已获取所有文章

✨ 总共抓取到 124 篇文章
💾 文章列表已保存到: _data/csdn_posts.yml

🎉 同步完成！
📊 共获取 124 篇文章
[2026-05-22 06:00:28] 爬虫脚本执行成功
[2026-05-22 06:00:28] 执行git add .
[2026-05-22 06:00:28] Git添加缓存区成功
[2026-05-22 06:00:28] 检查是否有文件更改...
[2026-05-22 06:00:28] 执行git commit -m '自动更新博客 2026-05-22 06:00:28'
[main 74f954c] 自动更新博客 2026-05-22 06:00:28
 2 files changed, 109 insertions(+), 109 deletions(-)
[2026-05-22 06:00:28] Git提交成功，提交信息：自动更新博客 2026-05-22 06:00:28
[2026-05-22 06:00:28] 执行git push origin main
To github.com:Lvyizhuo/Lvyizhuo.github.io.git
   81c8e0d..74f954c  main -> main
[2026-05-22 06:00:32] Git推送到远程仓库成功
[2026-05-22 06:00:32] 自动更新博客流程执行完毕
[2026-05-22 06:00:32] ==============================================自动更新博客流程执行完毕==========================================================================================================================================================

[2026-05-22 12:00:01] =======================================================================开始执行自动更新博客流程=========================================================================================
[2026-05-22 12:00:01] 开始执行自动更新博客流程
[2026-05-22 12:00:01] 当前用户: root
[2026-05-22 12:00:01] 当前PATH: /root/miniconda3/bin:/usr/local/bin:/usr/bin:/bin:/usr/local/sbin:/usr/local/bin:/usr/sbin:/usr/bin:/sbin:/bin:/usr/games:/usr/local/games:/snap/bin
[2026-05-22 12:00:01] 验证关键路径...
[2026-05-22 12:00:01] 路径验证通过
[2026-05-22 12:00:01] 开始激活conda base环境...
[2026-05-22 12:00:02] conda base环境激活成功
[2026-05-22 12:00:02] 当前Python路径：/root/miniconda3/bin/python
[2026-05-22 12:00:02] Python版本：Python 3.13.12
[2026-05-22 12:00:02] 切换到项目目录：/root/Project/i/Lvyizhuo.github.io
[2026-05-22 12:00:02] 执行git pull origin main
From github.com:Lvyizhuo/Lvyizhuo.github.io
 * branch            main       -> FETCH_HEAD
Already up to date.
[2026-05-22 12:00:05] Git拉取成功
[2026-05-22 12:00:05] 开始执行爬虫脚本：/root/Project/i/Lvyizhuo.github.io/scripts/fetch_csdn_articles.py
============================================================
CSDN博客文章同步工具 (本地执行版)
============================================================
📂 已加载现有数据: 124 篇文章

方法1: 尝试使用 API...
🔍 开始使用 API 抓取CSDN博客: Lvyizhuo
📡 正在请求第 1 页 (尝试 1/3)...
✅ 第 1 页找到 40 篇文章
📡 正在请求第 2 页 (尝试 1/3)...
✅ 第 2 页找到 40 篇文章
📡 正在请求第 3 页 (尝试 1/3)...
✅ 第 3 页找到 40 篇文章
📡 正在请求第 4 页 (尝试 1/3)...
✅ 第 4 页找到 4 篇文章
✅ 已获取所有文章

✨ 总共抓取到 124 篇文章
💾 文章列表已保存到: _data/csdn_posts.yml

🎉 同步完成！
📊 共获取 124 篇文章
[2026-05-22 12:00:14] 爬虫脚本执行成功
[2026-05-22 12:00:14] 执行git add .
[2026-05-22 12:00:14] Git添加缓存区成功
[2026-05-22 12:00:14] 检查是否有文件更改...
[2026-05-22 12:00:14] 执行git commit -m '自动更新博客 2026-05-22 12:00:14'
[main 21391a0] 自动更新博客 2026-05-22 12:00:14
 2 files changed, 102 insertions(+), 102 deletions(-)
[2026-05-22 12:00:14] Git提交成功，提交信息：自动更新博客 2026-05-22 12:00:14
[2026-05-22 12:00:14] 执行git push origin main
To github.com:Lvyizhuo/Lvyizhuo.github.io.git
   74f954c..21391a0  main -> main
[2026-05-22 12:00:17] Git推送到远程仓库成功
[2026-05-22 12:00:17] 自动更新博客流程执行完毕
[2026-05-22 12:00:17] ==============================================自动更新博客流程执行完毕==========================================================================================================================================================

[2026-05-22 18:00:01] =======================================================================开始执行自动更新博客流程=========================================================================================
[2026-05-22 18:00:01] 开始执行自动更新博客流程
[2026-05-22 18:00:01] 当前用户: root
[2026-05-22 18:00:01] 当前PATH: /root/miniconda3/bin:/usr/local/bin:/usr/bin:/bin:/usr/local/sbin:/usr/local/bin:/usr/sbin:/usr/bin:/sbin:/bin:/usr/games:/usr/local/games:/snap/bin
[2026-05-22 18:00:01] 验证关键路径...
[2026-05-22 18:00:01] 路径验证通过
[2026-05-22 18:00:01] 开始激活conda base环境...
[2026-05-22 18:00:02] conda base环境激活成功
[2026-05-22 18:00:02] 当前Python路径：/root/miniconda3/bin/python
[2026-05-22 18:00:02] Python版本：Python 3.13.12
[2026-05-22 18:00:02] 切换到项目目录：/root/Project/i/Lvyizhuo.github.io
[2026-05-22 18:00:02] 执行git pull origin main
From github.com:Lvyizhuo/Lvyizhuo.github.io
 * branch            main       -> FETCH_HEAD
Already up to date.
[2026-05-22 18:00:05] Git拉取成功
[2026-05-22 18:00:05] 开始执行爬虫脚本：/root/Project/i/Lvyizhuo.github.io/scripts/fetch_csdn_articles.py
============================================================
CSDN博客文章同步工具 (本地执行版)
============================================================
📂 已加载现有数据: 124 篇文章

方法1: 尝试使用 API...
🔍 开始使用 API 抓取CSDN博客: Lvyizhuo
📡 正在请求第 1 页 (尝试 1/3)...
✅ 第 1 页找到 40 篇文章
📡 正在请求第 2 页 (尝试 1/3)...
✅ 第 2 页找到 40 篇文章
📡 正在请求第 3 页 (尝试 1/3)...
✅ 第 3 页找到 40 篇文章
📡 正在请求第 4 页 (尝试 1/3)...
✅ 第 4 页找到 4 篇文章
✅ 已获取所有文章

✨ 总共抓取到 124 篇文章
💾 文章列表已保存到: _data/csdn_posts.yml

🎉 同步完成！
📊 共获取 124 篇文章
[2026-05-22 18:00:43] 爬虫脚本执行成功
[2026-05-22 18:00:43] 执行git add .
[2026-05-22 18:00:43] Git添加缓存区成功
[2026-05-22 18:00:43] 检查是否有文件更改...
[2026-05-22 18:00:43] 执行git commit -m '自动更新博客 2026-05-22 18:00:43'
[main 0032437] 自动更新博客 2026-05-22 18:00:43
 2 files changed, 112 insertions(+), 112 deletions(-)
[2026-05-22 18:00:43] Git提交成功，提交信息：自动更新博客 2026-05-22 18:00:43
[2026-05-22 18:00:43] 执行git push origin main
To github.com:Lvyizhuo/Lvyizhuo.github.io.git
   21391a0..0032437  main -> main
[2026-05-22 18:00:47] Git推送到远程仓库成功
[2026-05-22 18:00:47] 自动更新博客流程执行完毕
[2026-05-22 18:00:47] ==============================================自动更新博客流程执行完毕==========================================================================================================================================================

[2026-05-23 00:00:01] =======================================================================开始执行自动更新博客流程=========================================================================================
[2026-05-23 00:00:01] 开始执行自动更新博客流程
[2026-05-23 00:00:01] 当前用户: root
[2026-05-23 00:00:01] 当前PATH: /root/miniconda3/bin:/usr/local/bin:/usr/bin:/bin:/usr/local/sbin:/usr/local/bin:/usr/sbin:/usr/bin:/sbin:/bin:/usr/games:/usr/local/games:/snap/bin
[2026-05-23 00:00:01] 验证关键路径...
[2026-05-23 00:00:01] 路径验证通过
[2026-05-23 00:00:01] 开始激活conda base环境...
[2026-05-23 00:00:01] conda base环境激活成功
[2026-05-23 00:00:01] 当前Python路径：/root/miniconda3/bin/python
[2026-05-23 00:00:01] Python版本：Python 3.13.12
[2026-05-23 00:00:01] 切换到项目目录：/root/Project/i/Lvyizhuo.github.io
[2026-05-23 00:00:01] 执行git pull origin main
From github.com:Lvyizhuo/Lvyizhuo.github.io
 * branch            main       -> FETCH_HEAD
Already up to date.
[2026-05-23 00:00:05] Git拉取成功
[2026-05-23 00:00:05] 开始执行爬虫脚本：/root/Project/i/Lvyizhuo.github.io/scripts/fetch_csdn_articles.py
============================================================
CSDN博客文章同步工具 (本地执行版)
============================================================
📂 已加载现有数据: 124 篇文章

方法1: 尝试使用 API...
🔍 开始使用 API 抓取CSDN博客: Lvyizhuo
📡 正在请求第 1 页 (尝试 1/3)...
✅ 第 1 页找到 40 篇文章
📡 正在请求第 2 页 (尝试 1/3)...
✅ 第 2 页找到 40 篇文章
📡 正在请求第 3 页 (尝试 1/3)...
✅ 第 3 页找到 40 篇文章
📡 正在请求第 4 页 (尝试 1/3)...
✅ 第 4 页找到 4 篇文章
✅ 已获取所有文章

✨ 总共抓取到 124 篇文章
💾 文章列表已保存到: _data/csdn_posts.yml

🎉 同步完成！
📊 共获取 124 篇文章
[2026-05-23 00:00:15] 爬虫脚本执行成功
[2026-05-23 00:00:15] 执行git add .
[2026-05-23 00:00:15] Git添加缓存区成功
[2026-05-23 00:00:15] 检查是否有文件更改...
[2026-05-23 00:00:15] 执行git commit -m '自动更新博客 2026-05-23 00:00:15'
[main 9ac7fec] 自动更新博客 2026-05-23 00:00:15
 2 files changed, 94 insertions(+), 94 deletions(-)
[2026-05-23 00:00:15] Git提交成功，提交信息：自动更新博客 2026-05-23 00:00:15
[2026-05-23 00:00:15] 执行git push origin main
To github.com:Lvyizhuo/Lvyizhuo.github.io.git
   0032437..9ac7fec  main -> main
[2026-05-23 00:00:18] Git推送到远程仓库成功
[2026-05-23 00:00:18] 自动更新博客流程执行完毕
[2026-05-23 00:00:18] ==============================================自动更新博客流程执行完毕==========================================================================================================================================================

[2026-05-23 06:00:01] =======================================================================开始执行自动更新博客流程=========================================================================================
[2026-05-23 06:00:01] 开始执行自动更新博客流程
[2026-05-23 06:00:01] 当前用户: root
[2026-05-23 06:00:01] 当前PATH: /root/miniconda3/bin:/usr/local/bin:/usr/bin:/bin:/usr/local/sbin:/usr/local/bin:/usr/sbin:/usr/bin:/sbin:/bin:/usr/games:/usr/local/games:/snap/bin
[2026-05-23 06:00:01] 验证关键路径...
[2026-05-23 06:00:01] 路径验证通过
[2026-05-23 06:00:01] 开始激活conda base环境...
[2026-05-23 06:00:02] conda base环境激活成功
[2026-05-23 06:00:02] 当前Python路径：/root/miniconda3/bin/python
[2026-05-23 06:00:02] Python版本：Python 3.13.12
[2026-05-23 06:00:02] 切换到项目目录：/root/Project/i/Lvyizhuo.github.io
[2026-05-23 06:00:02] 执行git pull origin main
From github.com:Lvyizhuo/Lvyizhuo.github.io
 * branch            main       -> FETCH_HEAD
Already up to date.
[2026-05-23 06:00:05] Git拉取成功
[2026-05-23 06:00:05] 开始执行爬虫脚本：/root/Project/i/Lvyizhuo.github.io/scripts/fetch_csdn_articles.py
============================================================
CSDN博客文章同步工具 (本地执行版)
============================================================
📂 已加载现有数据: 124 篇文章

方法1: 尝试使用 API...
🔍 开始使用 API 抓取CSDN博客: Lvyizhuo
📡 正在请求第 1 页 (尝试 1/3)...
✅ 第 1 页找到 40 篇文章
📡 正在请求第 2 页 (尝试 1/3)...
✅ 第 2 页找到 40 篇文章
📡 正在请求第 3 页 (尝试 1/3)...
✅ 第 3 页找到 40 篇文章
📡 正在请求第 4 页 (尝试 1/3)...
✅ 第 4 页找到 4 篇文章
✅ 已获取所有文章

✨ 总共抓取到 124 篇文章
💾 文章列表已保存到: _data/csdn_posts.yml

🎉 同步完成！
📊 共获取 124 篇文章
[2026-05-23 06:00:28] 爬虫脚本执行成功
[2026-05-23 06:00:28] 执行git add .
[2026-05-23 06:00:28] Git添加缓存区成功
[2026-05-23 06:00:28] 检查是否有文件更改...
[2026-05-23 06:00:28] 执行git commit -m '自动更新博客 2026-05-23 06:00:28'
[main b93acbd] 自动更新博客 2026-05-23 06:00:28
 2 files changed, 102 insertions(+), 102 deletions(-)
[2026-05-23 06:00:28] Git提交成功，提交信息：自动更新博客 2026-05-23 06:00:28
[2026-05-23 06:00:28] 执行git push origin main
To github.com:Lvyizhuo/Lvyizhuo.github.io.git
   9ac7fec..b93acbd  main -> main
[2026-05-23 06:00:31] Git推送到远程仓库成功
[2026-05-23 06:00:31] 自动更新博客流程执行完毕
[2026-05-23 06:00:31] ==============================================自动更新博客流程执行完毕==========================================================================================================================================================

[2026-05-23 12:00:01] =======================================================================开始执行自动更新博客流程=========================================================================================
[2026-05-23 12:00:01] 开始执行自动更新博客流程
[2026-05-23 12:00:01] 当前用户: root
[2026-05-23 12:00:01] 当前PATH: /root/miniconda3/bin:/usr/local/bin:/usr/bin:/bin:/usr/local/sbin:/usr/local/bin:/usr/sbin:/usr/bin:/sbin:/bin:/usr/games:/usr/local/games:/snap/bin
[2026-05-23 12:00:01] 验证关键路径...
[2026-05-23 12:00:01] 路径验证通过
[2026-05-23 12:00:01] 开始激活conda base环境...
[2026-05-23 12:00:01] conda base环境激活成功
[2026-05-23 12:00:01] 当前Python路径：/root/miniconda3/bin/python
[2026-05-23 12:00:01] Python版本：Python 3.13.12
[2026-05-23 12:00:01] 切换到项目目录：/root/Project/i/Lvyizhuo.github.io
[2026-05-23 12:00:01] 执行git pull origin main
From github.com:Lvyizhuo/Lvyizhuo.github.io
 * branch            main       -> FETCH_HEAD
Already up to date.
[2026-05-23 12:00:04] Git拉取成功
[2026-05-23 12:00:04] 开始执行爬虫脚本：/root/Project/i/Lvyizhuo.github.io/scripts/fetch_csdn_articles.py
============================================================
CSDN博客文章同步工具 (本地执行版)
============================================================
📂 已加载现有数据: 124 篇文章

方法1: 尝试使用 API...
🔍 开始使用 API 抓取CSDN博客: Lvyizhuo
📡 正在请求第 1 页 (尝试 1/3)...
✅ 第 1 页找到 40 篇文章
📡 正在请求第 2 页 (尝试 1/3)...
✅ 第 2 页找到 40 篇文章
📡 正在请求第 3 页 (尝试 1/3)...
✅ 第 3 页找到 40 篇文章
📡 正在请求第 4 页 (尝试 1/3)...
✅ 第 4 页找到 4 篇文章
✅ 已获取所有文章

✨ 总共抓取到 124 篇文章
💾 文章列表已保存到: _data/csdn_posts.yml

🎉 同步完成！
📊 共获取 124 篇文章
[2026-05-23 12:00:13] 爬虫脚本执行成功
[2026-05-23 12:00:13] 执行git add .
[2026-05-23 12:00:13] Git添加缓存区成功
[2026-05-23 12:00:13] 检查是否有文件更改...
[2026-05-23 12:00:13] 执行git commit -m '自动更新博客 2026-05-23 12:00:13'
[main 61a44e1] 自动更新博客 2026-05-23 12:00:13
 2 files changed, 87 insertions(+), 87 deletions(-)
[2026-05-23 12:00:13] Git提交成功，提交信息：自动更新博客 2026-05-23 12:00:13
[2026-05-23 12:00:13] 执行git push origin main
To github.com:Lvyizhuo/Lvyizhuo.github.io.git
   b93acbd..61a44e1  main -> main
[2026-05-23 12:00:16] Git推送到远程仓库成功
[2026-05-23 12:00:16] 自动更新博客流程执行完毕
[2026-05-23 12:00:16] ==============================================自动更新博客流程执行完毕==========================================================================================================================================================

[2026-05-23 18:00:01] =======================================================================开始执行自动更新博客流程=========================================================================================
[2026-05-23 18:00:01] 开始执行自动更新博客流程
[2026-05-23 18:00:01] 当前用户: root
[2026-05-23 18:00:01] 当前PATH: /root/miniconda3/bin:/usr/local/bin:/usr/bin:/bin:/usr/local/sbin:/usr/local/bin:/usr/sbin:/usr/bin:/sbin:/bin:/usr/games:/usr/local/games:/snap/bin
[2026-05-23 18:00:01] 验证关键路径...
[2026-05-23 18:00:01] 路径验证通过
[2026-05-23 18:00:01] 开始激活conda base环境...
[2026-05-23 18:00:02] conda base环境激活成功
[2026-05-23 18:00:02] 当前Python路径：/root/miniconda3/bin/python
[2026-05-23 18:00:02] Python版本：Python 3.13.12
[2026-05-23 18:00:02] 切换到项目目录：/root/Project/i/Lvyizhuo.github.io
[2026-05-23 18:00:02] 执行git pull origin main
From github.com:Lvyizhuo/Lvyizhuo.github.io
 * branch            main       -> FETCH_HEAD
Already up to date.
[2026-05-23 18:00:05] Git拉取成功
[2026-05-23 18:00:05] 开始执行爬虫脚本：/root/Project/i/Lvyizhuo.github.io/scripts/fetch_csdn_articles.py
============================================================
CSDN博客文章同步工具 (本地执行版)
============================================================
📂 已加载现有数据: 124 篇文章

方法1: 尝试使用 API...
🔍 开始使用 API 抓取CSDN博客: Lvyizhuo
📡 正在请求第 1 页 (尝试 1/3)...
✅ 第 1 页找到 40 篇文章
📡 正在请求第 2 页 (尝试 1/3)...
✅ 第 2 页找到 40 篇文章
📡 正在请求第 3 页 (尝试 1/3)...
✅ 第 3 页找到 40 篇文章
📡 正在请求第 4 页 (尝试 1/3)...
✅ 第 4 页找到 4 篇文章
✅ 已获取所有文章

✨ 总共抓取到 124 篇文章
💾 文章列表已保存到: _data/csdn_posts.yml

🎉 同步完成！
📊 共获取 124 篇文章
[2026-05-23 18:00:14] 爬虫脚本执行成功
[2026-05-23 18:00:14] 执行git add .
[2026-05-23 18:00:14] Git添加缓存区成功
[2026-05-23 18:00:14] 检查是否有文件更改...
[2026-05-23 18:00:14] 执行git commit -m '自动更新博客 2026-05-23 18:00:14'
[main 5f64227] 自动更新博客 2026-05-23 18:00:14
 2 files changed, 97 insertions(+), 97 deletions(-)
[2026-05-23 18:00:14] Git提交成功，提交信息：自动更新博客 2026-05-23 18:00:14
[2026-05-23 18:00:14] 执行git push origin main
To github.com:Lvyizhuo/Lvyizhuo.github.io.git
   61a44e1..5f64227  main -> main
[2026-05-23 18:00:18] Git推送到远程仓库成功
[2026-05-23 18:00:18] 自动更新博客流程执行完毕
[2026-05-23 18:00:18] ==============================================自动更新博客流程执行完毕==========================================================================================================================================================

[2026-05-24 00:00:01] =======================================================================开始执行自动更新博客流程=========================================================================================
[2026-05-24 00:00:01] 开始执行自动更新博客流程
[2026-05-24 00:00:01] 当前用户: root
[2026-05-24 00:00:01] 当前PATH: /root/miniconda3/bin:/usr/local/bin:/usr/bin:/bin:/usr/local/sbin:/usr/local/bin:/usr/sbin:/usr/bin:/sbin:/bin:/usr/games:/usr/local/games:/snap/bin
[2026-05-24 00:00:01] 验证关键路径...
[2026-05-24 00:00:01] 路径验证通过
[2026-05-24 00:00:01] 开始激活conda base环境...
[2026-05-24 00:00:01] conda base环境激活成功
[2026-05-24 00:00:01] 当前Python路径：/root/miniconda3/bin/python
[2026-05-24 00:00:01] Python版本：Python 3.13.12
[2026-05-24 00:00:01] 切换到项目目录：/root/Project/i/Lvyizhuo.github.io
[2026-05-24 00:00:01] 执行git pull origin main
From github.com:Lvyizhuo/Lvyizhuo.github.io
 * branch            main       -> FETCH_HEAD
Already up to date.
[2026-05-24 00:00:04] Git拉取成功
[2026-05-24 00:00:04] 开始执行爬虫脚本：/root/Project/i/Lvyizhuo.github.io/scripts/fetch_csdn_articles.py
============================================================
CSDN博客文章同步工具 (本地执行版)
============================================================
📂 已加载现有数据: 124 篇文章

方法1: 尝试使用 API...
🔍 开始使用 API 抓取CSDN博客: Lvyizhuo
📡 正在请求第 1 页 (尝试 1/3)...
✅ 第 1 页找到 40 篇文章
📡 正在请求第 2 页 (尝试 1/3)...
✅ 第 2 页找到 40 篇文章
📡 正在请求第 3 页 (尝试 1/3)...
✅ 第 3 页找到 40 篇文章
📡 正在请求第 4 页 (尝试 1/3)...
✅ 第 4 页找到 4 篇文章
✅ 已获取所有文章

✨ 总共抓取到 124 篇文章
💾 文章列表已保存到: _data/csdn_posts.yml

🎉 同步完成！
📊 共获取 124 篇文章
[2026-05-24 00:00:12] 爬虫脚本执行成功
[2026-05-24 00:00:12] 执行git add .
[2026-05-24 00:00:12] Git添加缓存区成功
[2026-05-24 00:00:12] 检查是否有文件更改...
[2026-05-24 00:00:12] 执行git commit -m '自动更新博客 2026-05-24 00:00:12'
[main 32067f1] 自动更新博客 2026-05-24 00:00:12
 2 files changed, 99 insertions(+), 99 deletions(-)
[2026-05-24 00:00:12] Git提交成功，提交信息：自动更新博客 2026-05-24 00:00:12
[2026-05-24 00:00:12] 执行git push origin main
To github.com:Lvyizhuo/Lvyizhuo.github.io.git
   5f64227..32067f1  main -> main
[2026-05-24 00:00:15] Git推送到远程仓库成功
[2026-05-24 00:00:15] 自动更新博客流程执行完毕
[2026-05-24 00:00:15] ==============================================自动更新博客流程执行完毕==========================================================================================================================================================

[2026-05-24 06:00:01] =======================================================================开始执行自动更新博客流程=========================================================================================
[2026-05-24 06:00:01] 开始执行自动更新博客流程
[2026-05-24 06:00:01] 当前用户: root
[2026-05-24 06:00:01] 当前PATH: /root/miniconda3/bin:/usr/local/bin:/usr/bin:/bin:/usr/local/sbin:/usr/local/bin:/usr/sbin:/usr/bin:/sbin:/bin:/usr/games:/usr/local/games:/snap/bin
[2026-05-24 06:00:01] 验证关键路径...
[2026-05-24 06:00:01] 路径验证通过
[2026-05-24 06:00:01] 开始激活conda base环境...
[2026-05-24 06:00:02] conda base环境激活成功
[2026-05-24 06:00:02] 当前Python路径：/root/miniconda3/bin/python
[2026-05-24 06:00:02] Python版本：Python 3.13.12
[2026-05-24 06:00:02] 切换到项目目录：/root/Project/i/Lvyizhuo.github.io
[2026-05-24 06:00:02] 执行git pull origin main
From github.com:Lvyizhuo/Lvyizhuo.github.io
 * branch            main       -> FETCH_HEAD
Already up to date.
[2026-05-24 06:00:05] Git拉取成功
[2026-05-24 06:00:05] 开始执行爬虫脚本：/root/Project/i/Lvyizhuo.github.io/scripts/fetch_csdn_articles.py
============================================================
CSDN博客文章同步工具 (本地执行版)
============================================================
📂 已加载现有数据: 124 篇文章

方法1: 尝试使用 API...
🔍 开始使用 API 抓取CSDN博客: Lvyizhuo
📡 正在请求第 1 页 (尝试 1/3)...
✅ 第 1 页找到 40 篇文章
📡 正在请求第 2 页 (尝试 1/3)...
✅ 第 2 页找到 40 篇文章
📡 正在请求第 3 页 (尝试 1/3)...
✅ 第 3 页找到 40 篇文章
📡 正在请求第 4 页 (尝试 1/3)...
✅ 第 4 页找到 4 篇文章
✅ 已获取所有文章

✨ 总共抓取到 124 篇文章
💾 文章列表已保存到: _data/csdn_posts.yml

🎉 同步完成！
📊 共获取 124 篇文章
[2026-05-24 06:00:45] 爬虫脚本执行成功
[2026-05-24 06:00:45] 执行git add .
[2026-05-24 06:00:45] Git添加缓存区成功
[2026-05-24 06:00:45] 检查是否有文件更改...
[2026-05-24 06:00:45] 执行git commit -m '自动更新博客 2026-05-24 06:00:45'
[main c6cd27a] 自动更新博客 2026-05-24 06:00:45
 2 files changed, 84 insertions(+), 84 deletions(-)
[2026-05-24 06:00:45] Git提交成功，提交信息：自动更新博客 2026-05-24 06:00:45
[2026-05-24 06:00:45] 执行git push origin main
To github.com:Lvyizhuo/Lvyizhuo.github.io.git
   32067f1..c6cd27a  main -> main
[2026-05-24 06:00:48] Git推送到远程仓库成功
[2026-05-24 06:00:48] 自动更新博客流程执行完毕
[2026-05-24 06:00:48] ==============================================自动更新博客流程执行完毕==========================================================================================================================================================

[2026-05-24 12:00:01] =======================================================================开始执行自动更新博客流程=========================================================================================
[2026-05-24 12:00:01] 开始执行自动更新博客流程
[2026-05-24 12:00:01] 当前用户: root
[2026-05-24 12:00:01] 当前PATH: /root/miniconda3/bin:/usr/local/bin:/usr/bin:/bin:/usr/local/sbin:/usr/local/bin:/usr/sbin:/usr/bin:/sbin:/bin:/usr/games:/usr/local/games:/snap/bin
[2026-05-24 12:00:01] 验证关键路径...
[2026-05-24 12:00:01] 路径验证通过
[2026-05-24 12:00:01] 开始激活conda base环境...
[2026-05-24 12:00:02] conda base环境激活成功
[2026-05-24 12:00:02] 当前Python路径：/root/miniconda3/bin/python
[2026-05-24 12:00:02] Python版本：Python 3.13.12
[2026-05-24 12:00:02] 切换到项目目录：/root/Project/i/Lvyizhuo.github.io
[2026-05-24 12:00:02] 执行git pull origin main
From github.com:Lvyizhuo/Lvyizhuo.github.io
 * branch            main       -> FETCH_HEAD
Already up to date.
[2026-05-24 12:00:05] Git拉取成功
[2026-05-24 12:00:05] 开始执行爬虫脚本：/root/Project/i/Lvyizhuo.github.io/scripts/fetch_csdn_articles.py
============================================================
CSDN博客文章同步工具 (本地执行版)
============================================================
📂 已加载现有数据: 124 篇文章

方法1: 尝试使用 API...
🔍 开始使用 API 抓取CSDN博客: Lvyizhuo
📡 正在请求第 1 页 (尝试 1/3)...
✅ 第 1 页找到 40 篇文章
📡 正在请求第 2 页 (尝试 1/3)...
✅ 第 2 页找到 40 篇文章
📡 正在请求第 3 页 (尝试 1/3)...
✅ 第 3 页找到 40 篇文章
📡 正在请求第 4 页 (尝试 1/3)...
✅ 第 4 页找到 4 篇文章
✅ 已获取所有文章

✨ 总共抓取到 124 篇文章
💾 文章列表已保存到: _data/csdn_posts.yml

🎉 同步完成！
📊 共获取 124 篇文章
[2026-05-24 12:00:42] 爬虫脚本执行成功
[2026-05-24 12:00:42] 执行git add .
[2026-05-24 12:00:42] Git添加缓存区成功
[2026-05-24 12:00:42] 检查是否有文件更改...
[2026-05-24 12:00:42] 执行git commit -m '自动更新博客 2026-05-24 12:00:42'
[main 157922a] 自动更新博客 2026-05-24 12:00:42
 2 files changed, 91 insertions(+), 91 deletions(-)
[2026-05-24 12:00:42] Git提交成功，提交信息：自动更新博客 2026-05-24 12:00:42
[2026-05-24 12:00:42] 执行git push origin main
To github.com:Lvyizhuo/Lvyizhuo.github.io.git
   c6cd27a..157922a  main -> main
[2026-05-24 12:00:46] Git推送到远程仓库成功
[2026-05-24 12:00:46] 自动更新博客流程执行完毕
[2026-05-24 12:00:46] ==============================================自动更新博客流程执行完毕==========================================================================================================================================================

[2026-05-24 18:00:01] =======================================================================开始执行自动更新博客流程=========================================================================================
[2026-05-24 18:00:01] 开始执行自动更新博客流程
[2026-05-24 18:00:01] 当前用户: root
[2026-05-24 18:00:01] 当前PATH: /root/miniconda3/bin:/usr/local/bin:/usr/bin:/bin:/usr/local/sbin:/usr/local/bin:/usr/sbin:/usr/bin:/sbin:/bin:/usr/games:/usr/local/games:/snap/bin
[2026-05-24 18:00:01] 验证关键路径...
[2026-05-24 18:00:01] 路径验证通过
[2026-05-24 18:00:01] 开始激活conda base环境...
[2026-05-24 18:00:01] conda base环境激活成功
[2026-05-24 18:00:01] 当前Python路径：/root/miniconda3/bin/python
[2026-05-24 18:00:01] Python版本：Python 3.13.12
[2026-05-24 18:00:01] 切换到项目目录：/root/Project/i/Lvyizhuo.github.io
[2026-05-24 18:00:01] 执行git pull origin main
From github.com:Lvyizhuo/Lvyizhuo.github.io
 * branch            main       -> FETCH_HEAD
Already up to date.
[2026-05-24 18:00:04] Git拉取成功
[2026-05-24 18:00:04] 开始执行爬虫脚本：/root/Project/i/Lvyizhuo.github.io/scripts/fetch_csdn_articles.py
============================================================
CSDN博客文章同步工具 (本地执行版)
============================================================
📂 已加载现有数据: 124 篇文章

方法1: 尝试使用 API...
🔍 开始使用 API 抓取CSDN博客: Lvyizhuo
📡 正在请求第 1 页 (尝试 1/3)...
✅ 第 1 页找到 40 篇文章
📡 正在请求第 2 页 (尝试 1/3)...
✅ 第 2 页找到 40 篇文章
📡 正在请求第 3 页 (尝试 1/3)...
✅ 第 3 页找到 40 篇文章
📡 正在请求第 4 页 (尝试 1/3)...
✅ 第 4 页找到 4 篇文章
✅ 已获取所有文章

✨ 总共抓取到 124 篇文章
💾 文章列表已保存到: _data/csdn_posts.yml

🎉 同步完成！
📊 共获取 124 篇文章
[2026-05-24 18:00:13] 爬虫脚本执行成功
[2026-05-24 18:00:13] 执行git add .
[2026-05-24 18:00:13] Git添加缓存区成功
[2026-05-24 18:00:13] 检查是否有文件更改...
[2026-05-24 18:00:13] 执行git commit -m '自动更新博客 2026-05-24 18:00:13'
[main 26e3c14] 自动更新博客 2026-05-24 18:00:13
 2 files changed, 97 insertions(+), 97 deletions(-)
[2026-05-24 18:00:13] Git提交成功，提交信息：自动更新博客 2026-05-24 18:00:13
[2026-05-24 18:00:13] 执行git push origin main
To github.com:Lvyizhuo/Lvyizhuo.github.io.git
   157922a..26e3c14  main -> main
[2026-05-24 18:00:17] Git推送到远程仓库成功
[2026-05-24 18:00:17] 自动更新博客流程执行完毕
[2026-05-24 18:00:17] ==============================================自动更新博客流程执行完毕==========================================================================================================================================================

[2026-05-25 00:00:01] =======================================================================开始执行自动更新博客流程=========================================================================================
[2026-05-25 00:00:01] 开始执行自动更新博客流程
[2026-05-25 00:00:01] 当前用户: root
[2026-05-25 00:00:01] 当前PATH: /root/miniconda3/bin:/usr/local/bin:/usr/bin:/bin:/usr/local/sbin:/usr/local/bin:/usr/sbin:/usr/bin:/sbin:/bin:/usr/games:/usr/local/games:/snap/bin
[2026-05-25 00:00:01] 验证关键路径...
[2026-05-25 00:00:01] 路径验证通过
[2026-05-25 00:00:01] 开始激活conda base环境...
[2026-05-25 00:00:01] conda base环境激活成功
[2026-05-25 00:00:01] 当前Python路径：/root/miniconda3/bin/python
[2026-05-25 00:00:01] Python版本：Python 3.13.12
[2026-05-25 00:00:01] 切换到项目目录：/root/Project/i/Lvyizhuo.github.io
[2026-05-25 00:00:01] 执行git pull origin main
From github.com:Lvyizhuo/Lvyizhuo.github.io
 * branch            main       -> FETCH_HEAD
Already up to date.
[2026-05-25 00:00:04] Git拉取成功
[2026-05-25 00:00:04] 开始执行爬虫脚本：/root/Project/i/Lvyizhuo.github.io/scripts/fetch_csdn_articles.py
============================================================
CSDN博客文章同步工具 (本地执行版)
============================================================
📂 已加载现有数据: 124 篇文章

方法1: 尝试使用 API...
🔍 开始使用 API 抓取CSDN博客: Lvyizhuo
📡 正在请求第 1 页 (尝试 1/3)...
✅ 第 1 页找到 40 篇文章
📡 正在请求第 2 页 (尝试 1/3)...
✅ 第 2 页找到 40 篇文章
📡 正在请求第 3 页 (尝试 1/3)...
✅ 第 3 页找到 40 篇文章
📡 正在请求第 4 页 (尝试 1/3)...
✅ 第 4 页找到 4 篇文章
✅ 已获取所有文章

✨ 总共抓取到 124 篇文章
💾 文章列表已保存到: _data/csdn_posts.yml

🎉 同步完成！
📊 共获取 124 篇文章
[2026-05-25 00:00:13] 爬虫脚本执行成功
[2026-05-25 00:00:13] 执行git add .
[2026-05-25 00:00:13] Git添加缓存区成功
[2026-05-25 00:00:13] 检查是否有文件更改...
[2026-05-25 00:00:13] 执行git commit -m '自动更新博客 2026-05-25 00:00:13'
[main a349eaa] 自动更新博客 2026-05-25 00:00:13
 2 files changed, 95 insertions(+), 95 deletions(-)
[2026-05-25 00:00:13] Git提交成功，提交信息：自动更新博客 2026-05-25 00:00:13
[2026-05-25 00:00:13] 执行git push origin main
To github.com:Lvyizhuo/Lvyizhuo.github.io.git
   26e3c14..a349eaa  main -> main
[2026-05-25 00:00:16] Git推送到远程仓库成功
[2026-05-25 00:00:16] 自动更新博客流程执行完毕
[2026-05-25 00:00:16] ==============================================自动更新博客流程执行完毕==========================================================================================================================================================

[2026-05-25 06:00:01] =======================================================================开始执行自动更新博客流程=========================================================================================
[2026-05-25 06:00:01] 开始执行自动更新博客流程
[2026-05-25 06:00:01] 当前用户: root
[2026-05-25 06:00:01] 当前PATH: /root/miniconda3/bin:/usr/local/bin:/usr/bin:/bin:/usr/local/sbin:/usr/local/bin:/usr/sbin:/usr/bin:/sbin:/bin:/usr/games:/usr/local/games:/snap/bin
[2026-05-25 06:00:01] 验证关键路径...
[2026-05-25 06:00:01] 路径验证通过
[2026-05-25 06:00:01] 开始激活conda base环境...
[2026-05-25 06:00:02] conda base环境激活成功
[2026-05-25 06:00:02] 当前Python路径：/root/miniconda3/bin/python
[2026-05-25 06:00:02] Python版本：Python 3.13.12
[2026-05-25 06:00:02] 切换到项目目录：/root/Project/i/Lvyizhuo.github.io
[2026-05-25 06:00:02] 执行git pull origin main
From github.com:Lvyizhuo/Lvyizhuo.github.io
 * branch            main       -> FETCH_HEAD
Already up to date.
[2026-05-25 06:00:05] Git拉取成功
[2026-05-25 06:00:05] 开始执行爬虫脚本：/root/Project/i/Lvyizhuo.github.io/scripts/fetch_csdn_articles.py
============================================================
CSDN博客文章同步工具 (本地执行版)
============================================================
📂 已加载现有数据: 124 篇文章

方法1: 尝试使用 API...
🔍 开始使用 API 抓取CSDN博客: Lvyizhuo
📡 正在请求第 1 页 (尝试 1/3)...
✅ 第 1 页找到 40 篇文章
📡 正在请求第 2 页 (尝试 1/3)...
✅ 第 2 页找到 40 篇文章
📡 正在请求第 3 页 (尝试 1/3)...
✅ 第 3 页找到 40 篇文章
📡 正在请求第 4 页 (尝试 1/3)...
✅ 第 4 页找到 4 篇文章
✅ 已获取所有文章

✨ 总共抓取到 124 篇文章
💾 文章列表已保存到: _data/csdn_posts.yml

🎉 同步完成！
📊 共获取 124 篇文章
[2026-05-25 06:00:14] 爬虫脚本执行成功
[2026-05-25 06:00:14] 执行git add .
[2026-05-25 06:00:14] Git添加缓存区成功
[2026-05-25 06:00:14] 检查是否有文件更改...
[2026-05-25 06:00:14] 执行git commit -m '自动更新博客 2026-05-25 06:00:14'
[main 4725ade] 自动更新博客 2026-05-25 06:00:14
 2 files changed, 83 insertions(+), 83 deletions(-)
[2026-05-25 06:00:14] Git提交成功，提交信息：自动更新博客 2026-05-25 06:00:14
[2026-05-25 06:00:14] 执行git push origin main
To github.com:Lvyizhuo/Lvyizhuo.github.io.git
   a349eaa..4725ade  main -> main
[2026-05-25 06:00:17] Git推送到远程仓库成功
[2026-05-25 06:00:17] 自动更新博客流程执行完毕
[2026-05-25 06:00:17] ==============================================自动更新博客流程执行完毕==========================================================================================================================================================

[2026-05-25 12:00:01] =======================================================================开始执行自动更新博客流程=========================================================================================
[2026-05-25 12:00:01] 开始执行自动更新博客流程
[2026-05-25 12:00:01] 当前用户: root
[2026-05-25 12:00:01] 当前PATH: /root/miniconda3/bin:/usr/local/bin:/usr/bin:/bin:/usr/local/sbin:/usr/local/bin:/usr/sbin:/usr/bin:/sbin:/bin:/usr/games:/usr/local/games:/snap/bin
[2026-05-25 12:00:01] 验证关键路径...
[2026-05-25 12:00:01] 路径验证通过
[2026-05-25 12:00:01] 开始激活conda base环境...
[2026-05-25 12:00:01] conda base环境激活成功
[2026-05-25 12:00:01] 当前Python路径：/root/miniconda3/bin/python
[2026-05-25 12:00:01] Python版本：Python 3.13.12
[2026-05-25 12:00:01] 切换到项目目录：/root/Project/i/Lvyizhuo.github.io
[2026-05-25 12:00:01] 执行git pull origin main
From github.com:Lvyizhuo/Lvyizhuo.github.io
 * branch            main       -> FETCH_HEAD
Already up to date.
[2026-05-25 12:00:04] Git拉取成功
[2026-05-25 12:00:04] 开始执行爬虫脚本：/root/Project/i/Lvyizhuo.github.io/scripts/fetch_csdn_articles.py
============================================================
CSDN博客文章同步工具 (本地执行版)
============================================================
📂 已加载现有数据: 124 篇文章

方法1: 尝试使用 API...
🔍 开始使用 API 抓取CSDN博客: Lvyizhuo
📡 正在请求第 1 页 (尝试 1/3)...
✅ 第 1 页找到 40 篇文章
📡 正在请求第 2 页 (尝试 1/3)...
✅ 第 2 页找到 40 篇文章
📡 正在请求第 3 页 (尝试 1/3)...
✅ 第 3 页找到 40 篇文章
📡 正在请求第 4 页 (尝试 1/3)...
✅ 第 4 页找到 4 篇文章
✅ 已获取所有文章

✨ 总共抓取到 124 篇文章
💾 文章列表已保存到: _data/csdn_posts.yml

🎉 同步完成！
📊 共获取 124 篇文章
[2026-05-25 12:00:44] 爬虫脚本执行成功
[2026-05-25 12:00:44] 执行git add .
[2026-05-25 12:00:44] Git添加缓存区成功
[2026-05-25 12:00:44] 检查是否有文件更改...
[2026-05-25 12:00:44] 执行git commit -m '自动更新博客 2026-05-25 12:00:44'
[main 2e92ff2] 自动更新博客 2026-05-25 12:00:44
 2 files changed, 108 insertions(+), 108 deletions(-)
[2026-05-25 12:00:44] Git提交成功，提交信息：自动更新博客 2026-05-25 12:00:44
[2026-05-25 12:00:44] 执行git push origin main
To github.com:Lvyizhuo/Lvyizhuo.github.io.git
   4725ade..2e92ff2  main -> main
[2026-05-25 12:00:47] Git推送到远程仓库成功
[2026-05-25 12:00:47] 自动更新博客流程执行完毕
[2026-05-25 12:00:47] ==============================================自动更新博客流程执行完毕==========================================================================================================================================================

[2026-05-25 18:00:01] =======================================================================开始执行自动更新博客流程=========================================================================================
[2026-05-25 18:00:01] 开始执行自动更新博客流程
[2026-05-25 18:00:01] 当前用户: root
[2026-05-25 18:00:01] 当前PATH: /root/miniconda3/bin:/usr/local/bin:/usr/bin:/bin:/usr/local/sbin:/usr/local/bin:/usr/sbin:/usr/bin:/sbin:/bin:/usr/games:/usr/local/games:/snap/bin
[2026-05-25 18:00:01] 验证关键路径...
[2026-05-25 18:00:01] 路径验证通过
[2026-05-25 18:00:01] 开始激活conda base环境...
[2026-05-25 18:00:02] conda base环境激活成功
[2026-05-25 18:00:02] 当前Python路径：/root/miniconda3/bin/python
[2026-05-25 18:00:02] Python版本：Python 3.13.12
[2026-05-25 18:00:02] 切换到项目目录：/root/Project/i/Lvyizhuo.github.io
[2026-05-25 18:00:02] 执行git pull origin main
From github.com:Lvyizhuo/Lvyizhuo.github.io
 * branch            main       -> FETCH_HEAD
Already up to date.
[2026-05-25 18:00:05] Git拉取成功
[2026-05-25 18:00:05] 开始执行爬虫脚本：/root/Project/i/Lvyizhuo.github.io/scripts/fetch_csdn_articles.py
============================================================
CSDN博客文章同步工具 (本地执行版)
============================================================
📂 已加载现有数据: 124 篇文章

方法1: 尝试使用 API...
🔍 开始使用 API 抓取CSDN博客: Lvyizhuo
📡 正在请求第 1 页 (尝试 1/3)...
✅ 第 1 页找到 40 篇文章
📡 正在请求第 2 页 (尝试 1/3)...
✅ 第 2 页找到 40 篇文章
📡 正在请求第 3 页 (尝试 1/3)...
✅ 第 3 页找到 40 篇文章
📡 正在请求第 4 页 (尝试 1/3)...
✅ 第 4 页找到 4 篇文章
✅ 已获取所有文章

✨ 总共抓取到 124 篇文章
💾 文章列表已保存到: _data/csdn_posts.yml

🎉 同步完成！
📊 共获取 124 篇文章
[2026-05-25 18:00:14] 爬虫脚本执行成功
[2026-05-25 18:00:14] 执行git add .
[2026-05-25 18:00:14] Git添加缓存区成功
[2026-05-25 18:00:14] 检查是否有文件更改...
[2026-05-25 18:00:14] 执行git commit -m '自动更新博客 2026-05-25 18:00:14'
[main ce2f89a] 自动更新博客 2026-05-25 18:00:14
 2 files changed, 117 insertions(+), 117 deletions(-)
[2026-05-25 18:00:14] Git提交成功，提交信息：自动更新博客 2026-05-25 18:00:14
[2026-05-25 18:00:14] 执行git push origin main
To github.com:Lvyizhuo/Lvyizhuo.github.io.git
   2e92ff2..ce2f89a  main -> main
[2026-05-25 18:00:17] Git推送到远程仓库成功
[2026-05-25 18:00:17] 自动更新博客流程执行完毕
[2026-05-25 18:00:17] ==============================================自动更新博客流程执行完毕==========================================================================================================================================================

[2026-05-26 00:00:01] =======================================================================开始执行自动更新博客流程=========================================================================================
[2026-05-26 00:00:01] 开始执行自动更新博客流程
[2026-05-26 00:00:01] 当前用户: root
[2026-05-26 00:00:01] 当前PATH: /root/miniconda3/bin:/usr/local/bin:/usr/bin:/bin:/usr/local/sbin:/usr/local/bin:/usr/sbin:/usr/bin:/sbin:/bin:/usr/games:/usr/local/games:/snap/bin
[2026-05-26 00:00:01] 验证关键路径...
[2026-05-26 00:00:01] 路径验证通过
[2026-05-26 00:00:01] 开始激活conda base环境...
[2026-05-26 00:00:02] conda base环境激活成功
[2026-05-26 00:00:02] 当前Python路径：/root/miniconda3/bin/python
[2026-05-26 00:00:02] Python版本：Python 3.13.12
[2026-05-26 00:00:02] 切换到项目目录：/root/Project/i/Lvyizhuo.github.io
[2026-05-26 00:00:02] 执行git pull origin main
From github.com:Lvyizhuo/Lvyizhuo.github.io
 * branch            main       -> FETCH_HEAD
Already up to date.
[2026-05-26 00:00:05] Git拉取成功
[2026-05-26 00:00:05] 开始执行爬虫脚本：/root/Project/i/Lvyizhuo.github.io/scripts/fetch_csdn_articles.py
============================================================
CSDN博客文章同步工具 (本地执行版)
============================================================
📂 已加载现有数据: 124 篇文章

方法1: 尝试使用 API...
🔍 开始使用 API 抓取CSDN博客: Lvyizhuo
📡 正在请求第 1 页 (尝试 1/3)...
✅ 第 1 页找到 40 篇文章
📡 正在请求第 2 页 (尝试 1/3)...
✅ 第 2 页找到 40 篇文章
📡 正在请求第 3 页 (尝试 1/3)...
✅ 第 3 页找到 40 篇文章
📡 正在请求第 4 页 (尝试 1/3)...
✅ 第 4 页找到 4 篇文章
✅ 已获取所有文章

✨ 总共抓取到 124 篇文章
💾 文章列表已保存到: _data/csdn_posts.yml

🎉 同步完成！
📊 共获取 124 篇文章
[2026-05-26 00:00:44] 爬虫脚本执行成功
[2026-05-26 00:00:44] 执行git add .
[2026-05-26 00:00:44] Git添加缓存区成功
[2026-05-26 00:00:44] 检查是否有文件更改...
[2026-05-26 00:00:44] 执行git commit -m '自动更新博客 2026-05-26 00:00:44'
[main 4fd01ac] 自动更新博客 2026-05-26 00:00:44
 2 files changed, 105 insertions(+), 105 deletions(-)
[2026-05-26 00:00:44] Git提交成功，提交信息：自动更新博客 2026-05-26 00:00:44
[2026-05-26 00:00:44] 执行git push origin main
To github.com:Lvyizhuo/Lvyizhuo.github.io.git
   ce2f89a..4fd01ac  main -> main
[2026-05-26 00:00:48] Git推送到远程仓库成功
[2026-05-26 00:00:48] 自动更新博客流程执行完毕
[2026-05-26 00:00:48] ==============================================自动更新博客流程执行完毕==========================================================================================================================================================

[2026-05-26 06:00:01] =======================================================================开始执行自动更新博客流程=========================================================================================
[2026-05-26 06:00:01] 开始执行自动更新博客流程
[2026-05-26 06:00:01] 当前用户: root
[2026-05-26 06:00:01] 当前PATH: /root/miniconda3/bin:/usr/local/bin:/usr/bin:/bin:/usr/local/sbin:/usr/local/bin:/usr/sbin:/usr/bin:/sbin:/bin:/usr/games:/usr/local/games:/snap/bin
[2026-05-26 06:00:01] 验证关键路径...
[2026-05-26 06:00:01] 路径验证通过
[2026-05-26 06:00:01] 开始激活conda base环境...
[2026-05-26 06:00:01] conda base环境激活成功
[2026-05-26 06:00:01] 当前Python路径：/root/miniconda3/bin/python
[2026-05-26 06:00:01] Python版本：Python 3.13.12
[2026-05-26 06:00:01] 切换到项目目录：/root/Project/i/Lvyizhuo.github.io
[2026-05-26 06:00:01] 执行git pull origin main
From github.com:Lvyizhuo/Lvyizhuo.github.io
 * branch            main       -> FETCH_HEAD
Already up to date.
[2026-05-26 06:00:04] Git拉取成功
[2026-05-26 06:00:04] 开始执行爬虫脚本：/root/Project/i/Lvyizhuo.github.io/scripts/fetch_csdn_articles.py
============================================================
CSDN博客文章同步工具 (本地执行版)
============================================================
📂 已加载现有数据: 124 篇文章

方法1: 尝试使用 API...
🔍 开始使用 API 抓取CSDN博客: Lvyizhuo
📡 正在请求第 1 页 (尝试 1/3)...
✅ 第 1 页找到 40 篇文章
📡 正在请求第 2 页 (尝试 1/3)...
✅ 第 2 页找到 40 篇文章
📡 正在请求第 3 页 (尝试 1/3)...
✅ 第 3 页找到 40 篇文章
📡 正在请求第 4 页 (尝试 1/3)...
✅ 第 4 页找到 4 篇文章
✅ 已获取所有文章

✨ 总共抓取到 124 篇文章
💾 文章列表已保存到: _data/csdn_posts.yml

🎉 同步完成！
📊 共获取 124 篇文章
[2026-05-26 06:00:13] 爬虫脚本执行成功
[2026-05-26 06:00:13] 执行git add .
[2026-05-26 06:00:13] Git添加缓存区成功
[2026-05-26 06:00:13] 检查是否有文件更改...
[2026-05-26 06:00:13] 执行git commit -m '自动更新博客 2026-05-26 06:00:13'
[main 68f23b1] 自动更新博客 2026-05-26 06:00:13
 2 files changed, 86 insertions(+), 86 deletions(-)
[2026-05-26 06:00:13] Git提交成功，提交信息：自动更新博客 2026-05-26 06:00:13
[2026-05-26 06:00:13] 执行git push origin main
To github.com:Lvyizhuo/Lvyizhuo.github.io.git
   4fd01ac..68f23b1  main -> main
[2026-05-26 06:00:17] Git推送到远程仓库成功
[2026-05-26 06:00:17] 自动更新博客流程执行完毕
[2026-05-26 06:00:17] ==============================================自动更新博客流程执行完毕==========================================================================================================================================================

[2026-05-26 12:00:01] =======================================================================开始执行自动更新博客流程=========================================================================================
[2026-05-26 12:00:01] 开始执行自动更新博客流程
[2026-05-26 12:00:01] 当前用户: root
[2026-05-26 12:00:01] 当前PATH: /root/miniconda3/bin:/usr/local/bin:/usr/bin:/bin:/usr/local/sbin:/usr/local/bin:/usr/sbin:/usr/bin:/sbin:/bin:/usr/games:/usr/local/games:/snap/bin
[2026-05-26 12:00:01] 验证关键路径...
[2026-05-26 12:00:01] 路径验证通过
[2026-05-26 12:00:01] 开始激活conda base环境...
[2026-05-26 12:00:02] conda base环境激活成功
[2026-05-26 12:00:02] 当前Python路径：/root/miniconda3/bin/python
[2026-05-26 12:00:02] Python版本：Python 3.13.12
[2026-05-26 12:00:02] 切换到项目目录：/root/Project/i/Lvyizhuo.github.io
[2026-05-26 12:00:02] 执行git pull origin main
From github.com:Lvyizhuo/Lvyizhuo.github.io
 * branch            main       -> FETCH_HEAD
Already up to date.
[2026-05-26 12:00:05] Git拉取成功
[2026-05-26 12:00:05] 开始执行爬虫脚本：/root/Project/i/Lvyizhuo.github.io/scripts/fetch_csdn_articles.py
============================================================
CSDN博客文章同步工具 (本地执行版)
============================================================
📂 已加载现有数据: 124 篇文章

方法1: 尝试使用 API...
🔍 开始使用 API 抓取CSDN博客: Lvyizhuo
📡 正在请求第 1 页 (尝试 1/3)...
✅ 第 1 页找到 40 篇文章
📡 正在请求第 2 页 (尝试 1/3)...
✅ 第 2 页找到 40 篇文章
📡 正在请求第 3 页 (尝试 1/3)...
✅ 第 3 页找到 40 篇文章
📡 正在请求第 4 页 (尝试 1/3)...
✅ 第 4 页找到 4 篇文章
✅ 已获取所有文章

✨ 总共抓取到 124 篇文章
💾 文章列表已保存到: _data/csdn_posts.yml

🎉 同步完成！
📊 共获取 124 篇文章
[2026-05-26 12:00:29] 爬虫脚本执行成功
[2026-05-26 12:00:29] 执行git add .
[2026-05-26 12:00:29] Git添加缓存区成功
[2026-05-26 12:00:29] 检查是否有文件更改...
[2026-05-26 12:00:29] 执行git commit -m '自动更新博客 2026-05-26 12:00:29'
[main c9f078c] 自动更新博客 2026-05-26 12:00:29
 2 files changed, 103 insertions(+), 103 deletions(-)
[2026-05-26 12:00:29] Git提交成功，提交信息：自动更新博客 2026-05-26 12:00:29
[2026-05-26 12:00:29] 执行git push origin main
To github.com:Lvyizhuo/Lvyizhuo.github.io.git
   68f23b1..c9f078c  main -> main
[2026-05-26 12:00:33] Git推送到远程仓库成功
[2026-05-26 12:00:33] 自动更新博客流程执行完毕
[2026-05-26 12:00:33] ==============================================自动更新博客流程执行完毕==========================================================================================================================================================

[2026-05-26 18:00:01] =======================================================================开始执行自动更新博客流程=========================================================================================
[2026-05-26 18:00:01] 开始执行自动更新博客流程
[2026-05-26 18:00:01] 当前用户: root
[2026-05-26 18:00:01] 当前PATH: /root/miniconda3/bin:/usr/local/bin:/usr/bin:/bin:/usr/local/sbin:/usr/local/bin:/usr/sbin:/usr/bin:/sbin:/bin:/usr/games:/usr/local/games:/snap/bin
[2026-05-26 18:00:01] 验证关键路径...
[2026-05-26 18:00:01] 路径验证通过
[2026-05-26 18:00:01] 开始激活conda base环境...
[2026-05-26 18:00:01] conda base环境激活成功
[2026-05-26 18:00:01] 当前Python路径：/root/miniconda3/bin/python
[2026-05-26 18:00:01] Python版本：Python 3.13.12
[2026-05-26 18:00:01] 切换到项目目录：/root/Project/i/Lvyizhuo.github.io
[2026-05-26 18:00:01] 执行git pull origin main
From github.com:Lvyizhuo/Lvyizhuo.github.io
 * branch            main       -> FETCH_HEAD
Already up to date.
[2026-05-26 18:00:04] Git拉取成功
[2026-05-26 18:00:04] 开始执行爬虫脚本：/root/Project/i/Lvyizhuo.github.io/scripts/fetch_csdn_articles.py
============================================================
CSDN博客文章同步工具 (本地执行版)
============================================================
📂 已加载现有数据: 124 篇文章

方法1: 尝试使用 API...
🔍 开始使用 API 抓取CSDN博客: Lvyizhuo
📡 正在请求第 1 页 (尝试 1/3)...
✅ 第 1 页找到 40 篇文章
📡 正在请求第 2 页 (尝试 1/3)...
✅ 第 2 页找到 40 篇文章
📡 正在请求第 3 页 (尝试 1/3)...
✅ 第 3 页找到 40 篇文章
📡 正在请求第 4 页 (尝试 1/3)...
✅ 第 4 页找到 4 篇文章
✅ 已获取所有文章

✨ 总共抓取到 124 篇文章
💾 文章列表已保存到: _data/csdn_posts.yml

🎉 同步完成！
📊 共获取 124 篇文章
[2026-05-26 18:00:14] 爬虫脚本执行成功
[2026-05-26 18:00:14] 执行git add .
[2026-05-26 18:00:14] Git添加缓存区成功
[2026-05-26 18:00:14] 检查是否有文件更改...
[2026-05-26 18:00:14] 执行git commit -m '自动更新博客 2026-05-26 18:00:14'
[main 1a1e1f7] 自动更新博客 2026-05-26 18:00:14
 2 files changed, 104 insertions(+), 104 deletions(-)
[2026-05-26 18:00:14] Git提交成功，提交信息：自动更新博客 2026-05-26 18:00:14
[2026-05-26 18:00:14] 执行git push origin main
To github.com:Lvyizhuo/Lvyizhuo.github.io.git
   c9f078c..1a1e1f7  main -> main
[2026-05-26 18:00:17] Git推送到远程仓库成功
[2026-05-26 18:00:17] 自动更新博客流程执行完毕
[2026-05-26 18:00:17] ==============================================自动更新博客流程执行完毕==========================================================================================================================================================

[2026-05-27 00:00:01] =======================================================================开始执行自动更新博客流程=========================================================================================
[2026-05-27 00:00:01] 开始执行自动更新博客流程
[2026-05-27 00:00:01] 当前用户: root
[2026-05-27 00:00:01] 当前PATH: /root/miniconda3/bin:/usr/local/bin:/usr/bin:/bin:/usr/local/sbin:/usr/local/bin:/usr/sbin:/usr/bin:/sbin:/bin:/usr/games:/usr/local/games:/snap/bin
[2026-05-27 00:00:01] 验证关键路径...
[2026-05-27 00:00:01] 路径验证通过
[2026-05-27 00:00:01] 开始激活conda base环境...
[2026-05-27 00:00:02] conda base环境激活成功
[2026-05-27 00:00:02] 当前Python路径：/root/miniconda3/bin/python
[2026-05-27 00:00:02] Python版本：Python 3.13.12
[2026-05-27 00:00:02] 切换到项目目录：/root/Project/i/Lvyizhuo.github.io
[2026-05-27 00:00:02] 执行git pull origin main
From github.com:Lvyizhuo/Lvyizhuo.github.io
 * branch            main       -> FETCH_HEAD
Already up to date.
[2026-05-27 00:00:05] Git拉取成功
[2026-05-27 00:00:05] 开始执行爬虫脚本：/root/Project/i/Lvyizhuo.github.io/scripts/fetch_csdn_articles.py
============================================================
CSDN博客文章同步工具 (本地执行版)
============================================================
📂 已加载现有数据: 124 篇文章

方法1: 尝试使用 API...
🔍 开始使用 API 抓取CSDN博客: Lvyizhuo
📡 正在请求第 1 页 (尝试 1/3)...
✅ 第 1 页找到 40 篇文章
📡 正在请求第 2 页 (尝试 1/3)...
✅ 第 2 页找到 40 篇文章
📡 正在请求第 3 页 (尝试 1/3)...
✅ 第 3 页找到 40 篇文章
📡 正在请求第 4 页 (尝试 1/3)...
✅ 第 4 页找到 3 篇文章
✅ 已获取所有文章

✨ 总共抓取到 123 篇文章
💾 文章列表已保存到: _data/csdn_posts.yml

🎉 同步完成！
📊 共获取 123 篇文章
[2026-05-27 00:00:15] 爬虫脚本执行成功
[2026-05-27 00:00:15] 执行git add .
