2026-07-20 11:15:32 ═══════════════════════════════════════════════════════
2026-07-20 11:15:32 🚀 开始执行自动更新博客 (macOS 本地)
2026-07-20 11:15:32 项目目录: /Users/lvyizhuo/project/i/Lvyizhuo.github.io
2026-07-20 11:15:32 运行模式: 完整流程
2026-07-20 11:15:32 📁 验证路径...
2026-07-20 11:15:32 🔍 检测 conda 安装位置...
2026-07-20 11:15:32    conda 根目录: /opt/miniconda3
2026-07-20 11:15:32 🐍 使用 conda 环境: base
2026-07-20 11:15:34 Python 版本: Python 3.13.13
2026-07-20 11:15:34 ⬇️  执行 git pull origin main...
From https://github.com/Lvyizhuo/Lvyizhuo.github.io
 * branch            main       -> FETCH_HEAD
Already up to date.
2026-07-20 11:15:35 ✅ Git 拉取成功
2026-07-20 11:15:35 🕷️  执行爬虫脚本...
============================================================
CSDN博客文章同步工具 (本地执行版)
============================================================
📂 已加载现有数据: 138 篇文章

方法1: 尝试使用 API...
🔍 开始使用 API 抓取CSDN博客: Lvyizhuo
📡 正在请求第 1 页 (尝试 1/3)...
✅ 第 1 页找到 40 篇文章
📡 正在请求第 2 页 (尝试 1/3)...
✅ 第 2 页找到 40 篇文章
📡 正在请求第 3 页 (尝试 1/3)...
✅ 第 3 页找到 40 篇文章
📡 正在请求第 4 页 (尝试 1/3)...
✅ 第 4 页找到 18 篇文章
✅ 已获取所有文章

✨ 总共抓取到 138 篇文章
💾 文章列表已保存到: _data/csdn_posts.yml

🎉 同步完成！
📊 共获取 138 篇文章
2026-07-20 11:15:45 ✅ 爬虫脚本执行成功
2026-07-20 11:15:45 📦 执行 git add . ...
