2026-07-24 17:42:19 ═══════════════════════════════════════════════════════
2026-07-24 17:42:19 🚀 开始执行自动更新博客 (macOS 本地)
2026-07-24 17:42:19 项目目录: /Users/lvyizhuo/project/i/Lvyizhuo.github.io
2026-07-24 17:42:19 运行模式: 完整流程
2026-07-24 17:42:19 📁 验证路径...
2026-07-24 17:42:19 🔍 检测 conda 安装位置...
2026-07-24 17:42:19    conda 根目录: /opt/miniconda3
2026-07-24 17:42:19 🐍 使用 conda 环境: base
2026-07-24 17:42:20 Python 版本: Python 3.13.13
2026-07-24 17:42:20 ⬇️  执行 git pull origin main...
From https://github.com/Lvyizhuo/Lvyizhuo.github.io
 * branch            main       -> FETCH_HEAD
Already up to date.
2026-07-24 17:42:22 ✅ Git 拉取成功
2026-07-24 17:42:22 🕷️  执行爬虫脚本...
============================================================
CSDN博客文章同步工具 (本地执行版)
============================================================
📂 已加载现有数据: 138 篇文章

方法1: 尝试使用 API...
🔍 开始使用 API 抓取CSDN博客: Lvyizhuo
📡 正在请求第 1 页 (尝试 1/3)...
✅ 第 1 页找到 40 篇文章
📡 正在请求第 2 页 (尝试 1/3)...
✅ 第 2 页找到 40 篇文章
📡 正在请求第 3 页 (尝试 1/3)...
✅ 第 3 页找到 40 篇文章
📡 正在请求第 4 页 (尝试 1/3)...
✅ 第 4 页找到 18 篇文章
✅ 已获取所有文章

✨ 总共抓取到 138 篇文章
💾 文章列表已保存到: _data/csdn_posts.yml

🎉 同步完成！
📊 共获取 138 篇文章
2026-07-24 17:42:32 ✅ 爬虫脚本执行成功
2026-07-24 17:42:32 📦 执行 git add . ...
2026-07-24 17:42:32 💾 执行 git commit ...
[main 78b7a61] 自动更新博客 2026-07-24 17:42:32
 3 files changed, 123 insertions(+), 74 deletions(-)
 create mode 100644 logs/auto_update_blog_2026-07-24.log
2026-07-24 17:42:32 ✅ 提交成功: 自动更新博客 2026-07-24 17:42:32
2026-07-24 17:42:32 ☁️  执行 git push origin main...
To https://github.com/Lvyizhuo/Lvyizhuo.github.io.git
   21c0e06..78b7a61  main -> main
2026-07-24 17:42:34 ✅ Git 推送到远程仓库成功
2026-07-24 17:42:34 🎉 自动更新博客流程执行完毕
2026-07-24 17:42:34 ═══════════════════════════════════════════════════════
2026-07-24 17:44:51 ═══════════════════════════════════════════════════════
2026-07-24 17:44:51 🚀 开始执行自动更新博客 (macOS 本地)
2026-07-24 17:44:51 项目目录: /Users/lvyizhuo/project/i/Lvyizhuo.github.io
2026-07-24 17:44:51 运行模式: 完整流程
2026-07-24 17:44:51 📁 验证路径...
2026-07-24 17:44:51 🔍 检测 conda 安装位置...
2026-07-24 17:44:51    conda 根目录: /opt/miniconda3
2026-07-24 17:44:51 🐍 使用 conda 环境: base
2026-07-24 17:44:52 Python 版本: Python 3.13.13
2026-07-24 17:44:52 ⬇️  执行 git pull origin main...
From https://github.com/Lvyizhuo/Lvyizhuo.github.io
 * branch            main       -> FETCH_HEAD
Already up to date.
2026-07-24 17:44:55 ✅ Git 拉取成功
2026-07-24 17:44:55 🕷️  执行爬虫脚本...
============================================================
CSDN博客文章同步工具 (本地执行版)
============================================================
📂 已加载现有数据: 138 篇文章

方法1: 尝试使用 API...
🔍 开始使用 API 抓取CSDN博客: Lvyizhuo
📡 正在请求第 1 页 (尝试 1/3)...
✅ 第 1 页找到 40 篇文章
📡 正在请求第 2 页 (尝试 1/3)...
✅ 第 2 页找到 40 篇文章
📡 正在请求第 3 页 (尝试 1/3)...
✅ 第 3 页找到 40 篇文章
📡 正在请求第 4 页 (尝试 1/3)...
✅ 第 4 页找到 18 篇文章
✅ 已获取所有文章

✨ 总共抓取到 138 篇文章
💾 文章列表已保存到: _data/csdn_posts.yml

🎉 同步完成！
📊 共获取 138 篇文章
2026-07-24 17:45:03 ✅ 爬虫脚本执行成功
2026-07-24 17:45:03 📦 执行 git add . ...
2026-07-24 17:45:03 💾 执行 git commit ...
[main 0c60e25] 自动更新博客 2026-07-24 17:45:03
 3 files changed, 81 insertions(+), 30 deletions(-)
2026-07-24 17:45:03 ✅ 提交成功: 自动更新博客 2026-07-24 17:45:03
2026-07-24 17:45:03 ☁️  执行 git push origin main...
To https://github.com/Lvyizhuo/Lvyizhuo.github.io.git
   78b7a61..0c60e25  main -> main
2026-07-24 17:45:05 ✅ Git 推送到远程仓库成功
2026-07-24 17:45:05 🎉 自动更新博客流程执行完毕
2026-07-24 17:45:05 ═══════════════════════════════════════════════════════
2026-07-24 17:46:52 ═══════════════════════════════════════════════════════
2026-07-24 17:46:52 🚀 开始执行自动更新博客 (macOS 本地)
2026-07-24 17:46:52 项目目录: /Users/lvyizhuo/project/i/Lvyizhuo.github.io
2026-07-24 17:46:52 运行模式: 完整流程
2026-07-24 17:46:52 📁 验证路径...
2026-07-24 17:46:52 🔍 检测 conda 安装位置...
2026-07-24 17:46:52    conda 根目录: /opt/miniconda3
2026-07-24 17:46:52 🐍 使用 conda 环境: base
2026-07-24 17:46:53 Python 版本: Python 3.13.13
2026-07-24 17:46:53 ⬇️  执行 git pull origin main...
From https://github.com/Lvyizhuo/Lvyizhuo.github.io
 * branch            main       -> FETCH_HEAD
Already up to date.
2026-07-24 17:46:55 ✅ Git 拉取成功
2026-07-24 17:46:55 🕷️  执行爬虫脚本...
============================================================
CSDN博客文章同步工具 (本地执行版)
============================================================
📂 已加载现有数据: 138 篇文章

方法1: 尝试使用 API...
🔍 开始使用 API 抓取CSDN博客: Lvyizhuo
📡 正在请求第 1 页 (尝试 1/3)...
✅ 第 1 页找到 40 篇文章
📡 正在请求第 2 页 (尝试 1/3)...
✅ 第 2 页找到 40 篇文章
📡 正在请求第 3 页 (尝试 1/3)...
✅ 第 3 页找到 40 篇文章
📡 正在请求第 4 页 (尝试 1/3)...
✅ 第 4 页找到 18 篇文章
✅ 已获取所有文章

✨ 总共抓取到 138 篇文章
💾 文章列表已保存到: _data/csdn_posts.yml

🎉 同步完成！
📊 共获取 138 篇文章
2026-07-24 17:47:04 ✅ 爬虫脚本执行成功
2026-07-24 17:47:04 📦 执行 git add -A ...
